0 info it worked if it ends with ok
1 verbose cli [
1 verbose cli   '/usr/local/bin/node',
1 verbose cli   '/usr/local/bin/npm',
1 verbose cli   'install',
1 verbose cli   '--ignore-scripts',
1 verbose cli   '@types/loader-utils@ts3.6',
1 verbose cli   '@types/lodash@ts3.6',
1 verbose cli   '@types/lodash.debounce@ts3.6',
1 verbose cli   '@types/lodash.memoize@ts3.6',
1 verbose cli   '@types/lodash.merge@ts3.6',
1 verbose cli   '@types/lodash.template@ts3.6',
1 verbose cli   '@types/lodash.truncate@ts3.6',
1 verbose cli   '@types/lodash.uniq@ts3.6',
1 verbose cli   '@types/makeerror@ts3.6',
1 verbose cli   '@types/media-typer@ts3.6',
1 verbose cli   '@types/memory-fs@ts3.6',
1 verbose cli   '@types/memorystream@ts3.6',
1 verbose cli   '@types/merge-descriptors@ts3.6',
1 verbose cli   '@types/merge-stream@ts3.6',
1 verbose cli   '@types/merge2@ts3.6',
1 verbose cli   '@types/methods@ts3.6',
1 verbose cli   '@types/micromatch@ts3.6',
1 verbose cli   '@types/mime@ts3.6',
1 verbose cli   '@types/mime-db@ts3.6',
1 verbose cli   '@types/mime-types@ts3.6',
1 verbose cli   '@types/min-indent@ts3.6',
1 verbose cli   '@types/minimalistic-assert@ts3.6',
1 verbose cli   '@types/minimist@ts3.6',
1 verbose cli   '@types/minizlib@ts3.6',
1 verbose cli   '@types/move-concurrently@ts3.6',
1 verbose cli   '@types/ms@ts3.6',
1 verbose cli   '@types/multicast-dns@ts3.6',
1 verbose cli   '@types/natural-compare@ts3.6',
1 verbose cli   '@types/negotiator@ts3.6',
1 verbose cli   '@types/neo-async@ts3.6',
1 verbose cli   '@types/next-tick@ts3.6',
1 verbose cli   '@types/nice-try@ts3.6',
1 verbose cli   '@types/node-forge@ts3.6',
1 verbose cli   '@types/node-int64@ts3.6',
1 verbose cli   '@types/node-notifier@ts3.6',
1 verbose cli   '@types/normalize-package-data@ts3.6',
1 verbose cli   '@types/normalize-path@ts3.6',
1 verbose cli   '@types/num2fraction@ts3.6',
1 verbose cli   '@types/nwsapi@ts3.6',
1 verbose cli   '@types/object-assign@ts3.6',
1 verbose cli   '@types/object-inspect@ts3.6',
1 verbose cli   '@types/object-keys@ts3.6',
1 verbose cli   '@types/object.assign@ts3.6',
1 verbose cli   '@types/object.entries@ts3.6',
1 verbose cli   '@types/object.fromentries@ts3.6',
1 verbose cli   '@types/object.getownpropertydescriptors@ts3.6',
1 verbose cli   '@types/object.groupby@ts3.6',
1 verbose cli   '@types/object.pick@ts3.6',
1 verbose cli   '@types/on-finished@ts3.6',
1 verbose cli   '@types/on-headers@ts3.6',
1 verbose cli   '@types/once@ts3.6',
1 verbose cli   '@types/optimize-css-assets-webpack-plugin@ts3.6',
1 verbose cli   '@types/pako@ts3.6',
1 verbose cli   '@types/parallel-transform@ts3.6',
1 verbose cli   '@types/parse-json@ts3.6',
1 verbose cli   '@types/parseurl@ts3.6',
1 verbose cli   '@types/pascalcase@ts3.6',
1 verbose cli   '@types/path-browserify@ts3.6',
1 verbose cli   '@types/path-is-absolute@ts3.6',
1 verbose cli   '@types/path-is-inside@ts3.6',
1 verbose cli   '@types/path-parse@ts3.6',
1 verbose cli   '@types/pbkdf2@ts3.6',
1 verbose cli   '@types/picomatch@ts3.6',
1 verbose cli   '@types/pify@ts3.6',
1 verbose cli   '@types/postcss-color-gray@ts3.6',
1 verbose cli   '@types/postcss-flexbugs-fixes@ts3.6',
1 verbose cli   '@types/postcss-font-variant@ts3.6',
1 verbose cli   '@types/postcss-gap-properties@ts3.6',
1 verbose cli   '@types/postcss-modules-extract-imports@ts3.6',
1 verbose cli   '@types/postcss-modules-local-by-default@ts3.6',
1 verbose cli   '@types/postcss-modules-scope@ts3.6',
1 verbose cli   '@types/postcss-modules-values@ts3.6',
1 verbose cli   '@types/postcss-normalize@ts3.6',
1 verbose cli   '@types/postcss-page-break@ts3.6',
1 verbose cli   '@types/postcss-safe-parser@ts3.6',
1 verbose cli   '@types/prelude-ls@ts3.6',
1 verbose cli   '@types/prettier-linter-helpers@ts3.6',
1 verbose cli   '@types/progress@ts3.6',
1 verbose cli   '@types/promise-inflight@ts3.6',
1 verbose cli   '@types/prompts@ts3.6',
1 verbose cli   '@types/prop-types@ts3.6',
1 verbose cli   '@types/proxy-addr@ts3.6',
1 verbose cli   '@types/psl@ts3.6',
1 verbose cli   '@types/pump@ts3.6',
1 verbose cli   '@types/pumpify@ts3.6',
1 verbose cli   '@types/punycode@ts3.6',
1 verbose cli   '@types/q@ts3.6',
1 verbose cli   '@types/qs@ts3.6',
1 verbose cli   '@types/querystringify@ts3.6',
1 verbose cli   '@types/raf@ts3.6',
1 verbose cli   '@types/randombytes@ts3.6',
1 verbose cli   '@types/range-parser@ts3.6',
1 verbose cli   '@types/react-dev-utils@ts3.6',
1 verbose cli   '@types/react-is@ts3.6',
1 verbose cli   '@types/react-refresh@ts3.6',
1 verbose cli   '@types/readable-stream@ts3.6',
1 verbose cli   ... 118 more items
1 verbose cli ]
2 info using npm@6.14.6
3 info using node@v12.18.3
4 verbose npm-session 8a8ec6efd5a18621
5 silly install loadCurrentTree
6 silly install readLocalPackageData
7 http fetch GET 304 https://registry.npmjs.org/@types%2floader-utils 276ms (from cache)
8 silly pacote tag manifest for @types/loader-utils@ts3.6 fetched in 286ms
9 http fetch GET 304 https://registry.npmjs.org/@types%2flodash 287ms (from cache)
10 silly pacote tag manifest for @types/lodash@ts3.6 fetched in 290ms
11 http fetch GET 304 https://registry.npmjs.org/@types%2flodash.debounce 298ms (from cache)
12 silly pacote tag manifest for @types/lodash.debounce@ts3.6 fetched in 300ms
13 http fetch GET 304 https://registry.npmjs.org/@types%2flodash.truncate 307ms (from cache)
14 silly pacote tag manifest for @types/lodash.truncate@ts3.6 fetched in 309ms
15 http fetch GET 304 https://registry.npmjs.org/@types%2flodash.memoize 320ms (from cache)
16 silly pacote tag manifest for @types/lodash.memoize@ts3.6 fetched in 323ms
17 http fetch GET 304 https://registry.npmjs.org/@types%2fmemory-fs 84ms (from cache)
18 http fetch GET 304 https://registry.npmjs.org/@types%2flodash.uniq 360ms (from cache)
19 silly pacote tag manifest for @types/memory-fs@ts3.6 fetched in 87ms
20 silly pacote tag manifest for @types/lodash.uniq@ts3.6 fetched in 363ms
21 http fetch GET 304 https://registry.npmjs.org/@types%2fmakeerror 373ms (from cache)
22 silly registry:manifest no matching version for @types/makeerror@ts3.6 in the cache. Forcing revalidation.
23 http fetch GET 304 https://registry.npmjs.org/@types%2fmemorystream 92ms (from cache)
24 silly pacote tag manifest for @types/memorystream@ts3.6 fetched in 95ms
25 http fetch GET 304 https://registry.npmjs.org/@types%2fmerge-descriptors 89ms (from cache)
26 silly pacote tag manifest for @types/merge-descriptors@ts3.6 fetched in 91ms
27 http fetch GET 304 https://registry.npmjs.org/@types%2fmerge-stream 85ms (from cache)
28 silly pacote tag manifest for @types/merge-stream@ts3.6 fetched in 88ms
29 http fetch GET 304 https://registry.npmjs.org/@types%2fmerge2 101ms (from cache)
30 silly pacote tag manifest for @types/merge2@ts3.6 fetched in 103ms
31 http fetch GET 304 https://registry.npmjs.org/@types%2fmicromatch 79ms (from cache)
32 silly pacote tag manifest for @types/micromatch@ts3.6 fetched in 82ms
33 http fetch GET 304 https://registry.npmjs.org/@types%2fmethods 86ms (from cache)
34 silly pacote tag manifest for @types/methods@ts3.6 fetched in 88ms
35 http fetch GET 200 https://registry.npmjs.org/@types%2fmakeerror 91ms
36 silly fetchPackageMetaData error for @types/makeerror@ts3.6 No matching version found for @types/makeerror@ts3.6.
37 http fetch GET 304 https://registry.npmjs.org/@types%2fmime 90ms (from cache)
38 silly pacote tag manifest for @types/mime@ts3.6 fetched in 92ms
39 http fetch GET 304 https://registry.npmjs.org/@types%2fmime-types 82ms (from cache)
40 silly pacote tag manifest for @types/mime-types@ts3.6 fetched in 84ms
41 http fetch GET 304 https://registry.npmjs.org/@types%2fmin-indent 84ms (from cache)
42 silly pacote tag manifest for @types/min-indent@ts3.6 fetched in 86ms
43 http fetch GET 304 https://registry.npmjs.org/@types%2fminimalistic-assert 73ms (from cache)
44 silly pacote tag manifest for @types/minimalistic-assert@ts3.6 fetched in 75ms
45 http fetch GET 304 https://registry.npmjs.org/@types%2fmove-concurrently 83ms (from cache)
46 http fetch GET 304 https://registry.npmjs.org/@types%2fms 75ms (from cache)
47 silly pacote tag manifest for @types/move-concurrently@ts3.6 fetched in 86ms
48 silly pacote tag manifest for @types/ms@ts3.6 fetched in 79ms
49 http fetch GET 304 https://registry.npmjs.org/@types%2fminizlib 107ms (from cache)
50 silly pacote tag manifest for @types/minizlib@ts3.6 fetched in 109ms
51 http fetch GET 304 https://registry.npmjs.org/@types%2fmime-db 189ms (from cache)
52 http fetch GET 304 https://registry.npmjs.org/@types%2fminimist 127ms (from cache)
53 silly pacote tag manifest for @types/mime-db@ts3.6 fetched in 194ms
54 silly pacote tag manifest for @types/minimist@ts3.6 fetched in 133ms
55 http fetch GET 304 https://registry.npmjs.org/@types%2fnatural-compare 98ms (from cache)
56 silly pacote tag manifest for @types/natural-compare@ts3.6 fetched in 100ms
57 http fetch GET 304 https://registry.npmjs.org/@types%2fneo-async 94ms (from cache)
58 silly registry:manifest no matching version for @types/neo-async@ts3.6 in the cache. Forcing revalidation.
59 http fetch GET 304 https://registry.npmjs.org/@types%2fnode-forge 83ms (from cache)
60 silly pacote tag manifest for @types/node-forge@ts3.6 fetched in 87ms
61 http fetch GET 304 https://registry.npmjs.org/@types%2fnice-try 99ms (from cache)
62 silly pacote tag manifest for @types/nice-try@ts3.6 fetched in 103ms
63 http fetch GET 200 https://registry.npmjs.org/@types%2fneo-async 85ms
64 silly fetchPackageMetaData error for @types/neo-async@ts3.6 No matching version found for @types/neo-async@ts3.6.
65 http fetch GET 304 https://registry.npmjs.org/@types%2fnormalize-package-data 68ms (from cache)
66 silly pacote tag manifest for @types/normalize-package-data@ts3.6 fetched in 69ms
67 http fetch GET 304 https://registry.npmjs.org/@types%2fnode-notifier 102ms (from cache)
68 silly pacote tag manifest for @types/node-notifier@ts3.6 fetched in 133ms
69 http fetch GET 304 https://registry.npmjs.org/@types%2fnum2fraction 116ms (from cache)
70 silly pacote tag manifest for @types/num2fraction@ts3.6 fetched in 139ms
71 http fetch GET 304 https://registry.npmjs.org/@types%2flodash.template 904ms (from cache)
72 silly pacote tag manifest for @types/lodash.template@ts3.6 fetched in 924ms
73 http fetch GET 304 https://registry.npmjs.org/@types%2fnormalize-path 184ms (from cache)
74 silly pacote tag manifest for @types/normalize-path@ts3.6 fetched in 209ms
75 http fetch GET 304 https://registry.npmjs.org/@types%2fnwsapi 153ms (from cache)
76 silly pacote tag manifest for @types/nwsapi@ts3.6 fetched in 196ms
77 http fetch GET 304 https://registry.npmjs.org/@types%2fobject-assign 146ms (from cache)
78 http fetch GET 304 https://registry.npmjs.org/@types%2fobject-inspect 119ms (from cache)
79 silly pacote tag manifest for @types/object-inspect@ts3.6 fetched in 124ms
80 silly pacote tag manifest for @types/object-assign@ts3.6 fetched in 205ms
81 http fetch GET 304 https://registry.npmjs.org/@types%2fobject.entries 142ms (from cache)
82 silly registry:manifest no matching version for @types/object.entries@ts3.6 in the cache. Forcing revalidation.
83 http fetch GET 304 https://registry.npmjs.org/@types%2fnegotiator 656ms (from cache)
84 silly pacote tag manifest for @types/negotiator@ts3.6 fetched in 687ms
85 http fetch GET 304 https://registry.npmjs.org/@types%2fobject.fromentries 149ms (from cache)
86 silly pacote tag manifest for @types/object.fromentries@ts3.6 fetched in 168ms
87 http fetch GET 304 https://registry.npmjs.org/@types%2fnext-tick 693ms (from cache)
88 silly pacote tag manifest for @types/next-tick@ts3.6 fetched in 720ms
89 http fetch GET 304 https://registry.npmjs.org/@types%2fobject.groupby 146ms (from cache)
90 silly registry:manifest no matching version for @types/object.groupby@ts3.6 in the cache. Forcing revalidation.
91 http fetch GET 304 https://registry.npmjs.org/@types%2fobject.pick 144ms (from cache)
92 silly pacote tag manifest for @types/object.pick@ts3.6 fetched in 199ms
93 http fetch GET 200 https://registry.npmjs.org/@types%2fobject.groupby 92ms
94 silly fetchPackageMetaData error for @types/object.groupby@ts3.6 No matching version found for @types/object.groupby@ts3.6.
95 http fetch GET 304 https://registry.npmjs.org/@types%2fon-finished 98ms (from cache)
96 http fetch GET 304 https://registry.npmjs.org/@types%2fon-headers 150ms (from cache)
97 silly pacote tag manifest for @types/on-finished@ts3.6 fetched in 197ms
98 http fetch GET 304 https://registry.npmjs.org/@types%2fmulticast-dns 1248ms (from cache)
99 silly pacote tag manifest for @types/on-headers@ts3.6 fetched in 275ms
100 silly pacote tag manifest for @types/multicast-dns@ts3.6 fetched in 1276ms
101 http fetch GET 304 https://registry.npmjs.org/@types%2fnode-int64 1196ms (from cache)
102 silly pacote tag manifest for @types/node-int64@ts3.6 fetched in 1223ms
103 http fetch GET 304 https://registry.npmjs.org/@types%2fpako 117ms (from cache)
104 silly pacote tag manifest for @types/pako@ts3.6 fetched in 119ms
105 http fetch GET 304 https://registry.npmjs.org/@types%2foptimize-css-assets-webpack-plugin 126ms (from cache)
106 silly pacote tag manifest for @types/optimize-css-assets-webpack-plugin@ts3.6 fetched in 128ms
107 http fetch GET 304 https://registry.npmjs.org/@types%2fparallel-transform 83ms (from cache)
108 http fetch GET 304 https://registry.npmjs.org/@types%2flodash.merge 1934ms (from cache)
109 silly pacote tag manifest for @types/parallel-transform@ts3.6 fetched in 86ms
110 silly pacote tag manifest for @types/lodash.merge@ts3.6 fetched in 1937ms
111 http fetch GET 304 https://registry.npmjs.org/@types%2fmedia-typer 1970ms (from cache)
112 silly pacote tag manifest for @types/media-typer@ts3.6 fetched in 1972ms
113 http fetch GET 304 https://registry.npmjs.org/@types%2fpascalcase 72ms (from cache)
114 http fetch GET 304 https://registry.npmjs.org/@types%2fparse-json 101ms (from cache)
115 silly pacote tag manifest for @types/pascalcase@ts3.6 fetched in 75ms
116 silly pacote tag manifest for @types/parse-json@ts3.6 fetched in 104ms
117 http fetch GET 304 https://registry.npmjs.org/@types%2fparseurl 143ms (from cache)
118 silly pacote tag manifest for @types/parseurl@ts3.6 fetched in 145ms
119 http fetch GET 304 https://registry.npmjs.org/@types%2fpath-is-absolute 103ms (from cache)
120 silly pacote tag manifest for @types/path-is-absolute@ts3.6 fetched in 108ms
121 http fetch GET 304 https://registry.npmjs.org/@types%2fpath-is-inside 88ms (from cache)
122 silly pacote tag manifest for @types/path-is-inside@ts3.6 fetched in 89ms
123 http fetch GET 304 https://registry.npmjs.org/@types%2fpath-parse 93ms (from cache)
124 silly pacote tag manifest for @types/path-parse@ts3.6 fetched in 94ms
125 http fetch GET 304 https://registry.npmjs.org/@types%2fpbkdf2 95ms (from cache)
126 silly pacote tag manifest for @types/pbkdf2@ts3.6 fetched in 98ms
127 http fetch GET 304 https://registry.npmjs.org/@types%2fpify 66ms (from cache)
128 silly pacote tag manifest for @types/pify@ts3.6 fetched in 69ms
129 http fetch GET 304 https://registry.npmjs.org/@types%2fpicomatch 94ms (from cache)
130 silly pacote tag manifest for @types/picomatch@ts3.6 fetched in 96ms
131 http fetch GET 304 https://registry.npmjs.org/@types%2fpostcss-color-gray 81ms (from cache)
132 silly registry:manifest no matching version for @types/postcss-color-gray@ts3.6 in the cache. Forcing revalidation.
133 http fetch GET 304 https://registry.npmjs.org/@types%2fpostcss-flexbugs-fixes 94ms (from cache)
134 http fetch GET 304 https://registry.npmjs.org/@types%2fpostcss-font-variant 85ms (from cache)
135 silly registry:manifest no matching version for @types/postcss-font-variant@ts3.6 in the cache. Forcing revalidation.
136 silly pacote tag manifest for @types/postcss-flexbugs-fixes@ts3.6 fetched in 97ms
137 http fetch GET 304 https://registry.npmjs.org/@types%2fpostcss-gap-properties 82ms (from cache)
138 silly pacote tag manifest for @types/postcss-gap-properties@ts3.6 fetched in 86ms
139 http fetch GET 200 https://registry.npmjs.org/@types%2fpostcss-color-gray 90ms
140 silly fetchPackageMetaData error for @types/postcss-color-gray@ts3.6 No matching version found for @types/postcss-color-gray@ts3.6.
141 http fetch GET 304 https://registry.npmjs.org/@types%2fpostcss-modules-extract-imports 86ms (from cache)
142 silly pacote tag manifest for @types/postcss-modules-extract-imports@ts3.6 fetched in 89ms
143 http fetch GET 304 https://registry.npmjs.org/@types%2fpostcss-modules-scope 94ms (from cache)
144 silly pacote tag manifest for @types/postcss-modules-scope@ts3.6 fetched in 96ms
145 http fetch GET 304 https://registry.npmjs.org/@types%2fpostcss-modules-values 79ms (from cache)
146 silly pacote tag manifest for @types/postcss-modules-values@ts3.6 fetched in 80ms
147 http fetch GET 304 https://registry.npmjs.org/@types%2fpostcss-normalize 81ms (from cache)
148 silly pacote tag manifest for @types/postcss-normalize@ts3.6 fetched in 83ms
149 http fetch GET 304 https://registry.npmjs.org/@types%2fpostcss-page-break 79ms (from cache)
150 silly registry:manifest no matching version for @types/postcss-page-break@ts3.6 in the cache. Forcing revalidation.
151 http fetch GET 304 https://registry.npmjs.org/@types%2fpostcss-safe-parser 111ms (from cache)
152 silly pacote tag manifest for @types/postcss-safe-parser@ts3.6 fetched in 113ms
153 http fetch GET 304 https://registry.npmjs.org/@types%2fprelude-ls 97ms (from cache)
154 silly pacote tag manifest for @types/prelude-ls@ts3.6 fetched in 99ms
155 http fetch GET 304 https://registry.npmjs.org/@types%2fobject.assign 1694ms (from cache)
156 silly registry:manifest no matching version for @types/object.assign@ts3.6 in the cache. Forcing revalidation.
157 http fetch GET 304 https://registry.npmjs.org/@types%2fprettier-linter-helpers 93ms (from cache)
158 silly pacote tag manifest for @types/prettier-linter-helpers@ts3.6 fetched in 95ms
159 http fetch GET 304 https://registry.npmjs.org/@types%2fobject-keys 1809ms (from cache)
160 silly pacote tag manifest for @types/object-keys@ts3.6 fetched in 1811ms
161 http fetch GET 200 https://registry.npmjs.org/@types%2fobject.assign 165ms
162 silly fetchPackageMetaData error for @types/object.assign@ts3.6 No matching version found for @types/object.assign@ts3.6.
163 http fetch GET 304 https://registry.npmjs.org/@types%2fpromise-inflight 99ms (from cache)
164 silly pacote tag manifest for @types/promise-inflight@ts3.6 fetched in 130ms
165 http fetch GET 200 https://registry.npmjs.org/@types%2fobject.entries 1743ms
166 silly fetchPackageMetaData error for @types/object.entries@ts3.6 No matching version found for @types/object.entries@ts3.6.
167 http fetch GET 304 https://registry.npmjs.org/@types%2fobject.getownpropertydescriptors 1732ms (from cache)
168 silly pacote tag manifest for @types/object.getownpropertydescriptors@ts3.6 fetched in 1760ms
169 http fetch GET 304 https://registry.npmjs.org/@types%2fprop-types 116ms (from cache)
170 silly pacote tag manifest for @types/prop-types@ts3.6 fetched in 150ms
171 http fetch GET 304 https://registry.npmjs.org/@types%2fproxy-addr 149ms (from cache)
172 http fetch GET 304 https://registry.npmjs.org/@types%2fprompts 223ms (from cache)
173 silly pacote tag manifest for @types/proxy-addr@ts3.6 fetched in 182ms
174 silly pacote tag manifest for @types/prompts@ts3.6 fetched in 255ms
175 http fetch GET 304 https://registry.npmjs.org/@types%2fpsl 149ms (from cache)
176 silly pacote tag manifest for @types/psl@ts3.6 fetched in 181ms
177 http fetch GET 304 https://registry.npmjs.org/@types%2fpump 145ms (from cache)
178 http fetch GET 304 https://registry.npmjs.org/@types%2fpath-browserify 1257ms (from cache)
179 silly registry:manifest no matching version for @types/path-browserify@ts3.6 in the cache. Forcing revalidation.
180 http fetch GET 304 https://registry.npmjs.org/@types%2fpumpify 99ms (from cache)
181 silly pacote tag manifest for @types/pumpify@ts3.6 fetched in 105ms
182 silly pacote tag manifest for @types/pump@ts3.6 fetched in 180ms
183 http fetch GET 304 https://registry.npmjs.org/@types%2fpunycode 150ms (from cache)
184 silly pacote tag manifest for @types/punycode@ts3.6 fetched in 179ms
185 http fetch GET 304 https://registry.npmjs.org/@types%2fq 111ms (from cache)
186 http fetch GET 304 https://registry.npmjs.org/@types%2fqs 79ms (from cache)
187 silly pacote tag manifest for @types/q@ts3.6 fetched in 113ms
188 silly pacote tag manifest for @types/qs@ts3.6 fetched in 82ms
189 http fetch GET 304 https://registry.npmjs.org/@types%2fquerystringify 106ms (from cache)
190 silly pacote tag manifest for @types/querystringify@ts3.6 fetched in 108ms
191 http fetch GET 304 https://registry.npmjs.org/@types%2fraf 90ms (from cache)
192 silly pacote tag manifest for @types/raf@ts3.6 fetched in 93ms
193 http fetch GET 304 https://registry.npmjs.org/@types%2frange-parser 86ms (from cache)
194 silly pacote tag manifest for @types/range-parser@ts3.6 fetched in 89ms
195 http fetch GET 200 https://registry.npmjs.org/@types%2fpostcss-page-break 894ms
196 silly fetchPackageMetaData error for @types/postcss-page-break@ts3.6 No matching version found for @types/postcss-page-break@ts3.6.
197 http fetch GET 304 https://registry.npmjs.org/@types%2freact-dev-utils 77ms (from cache)
198 silly pacote tag manifest for @types/react-dev-utils@ts3.6 fetched in 79ms
199 http fetch GET 304 https://registry.npmjs.org/@types%2freadable-stream 81ms (from cache)
200 silly pacote tag manifest for @types/readable-stream@ts3.6 fetched in 83ms
201 http fetch GET 304 https://registry.npmjs.org/@types%2freact-is 93ms (from cache)
202 silly pacote tag manifest for @types/react-is@ts3.6 fetched in 97ms
203 http fetch GET 304 https://registry.npmjs.org/@types%2freact-refresh 98ms (from cache)
204 silly registry:manifest no matching version for @types/react-refresh@ts3.6 in the cache. Forcing revalidation.
205 http fetch GET 304 https://registry.npmjs.org/@types%2frecursive-readdir 82ms (from cache)
206 silly pacote tag manifest for @types/recursive-readdir@ts3.6 fetched in 83ms
207 http fetch GET 304 https://registry.npmjs.org/@types%2fonce 1823ms (from cache)
208 silly pacote tag manifest for @types/once@ts3.6 fetched in 1826ms
209 http fetch GET 304 https://registry.npmjs.org/@types%2fregenerator-runtime 80ms (from cache)
210 silly pacote tag manifest for @types/regenerator-runtime@ts3.6 fetched in 81ms
211 http fetch GET 304 https://registry.npmjs.org/@types%2fregex-not 80ms (from cache)
212 silly registry:manifest no matching version for @types/regex-not@ts3.6 in the cache. Forcing revalidation.
213 http fetch GET 200 https://registry.npmjs.org/@types%2freact-refresh 88ms
214 silly fetchPackageMetaData error for @types/react-refresh@ts3.6 No matching version found for @types/react-refresh@ts3.6.
215 http fetch GET 304 https://registry.npmjs.org/@types%2frelateurl 90ms (from cache)
216 http fetch GET 304 https://registry.npmjs.org/@types%2fregenerate 129ms (from cache)
217 silly registry:manifest no matching version for @types/regenerate@ts3.6 in the cache. Forcing revalidation.
218 silly pacote tag manifest for @types/relateurl@ts3.6 fetched in 93ms
219 http fetch GET 200 https://registry.npmjs.org/@types%2fregex-not 74ms
220 silly fetchPackageMetaData error for @types/regex-not@ts3.6 No matching version found for @types/regex-not@ts3.6.
221 http fetch GET 304 https://registry.npmjs.org/@types%2frepeat-element 90ms (from cache)
222 silly pacote tag manifest for @types/repeat-element@ts3.6 fetched in 93ms
223 http fetch GET 304 https://registry.npmjs.org/@types%2frepeat-string 82ms (from cache)
224 silly pacote tag manifest for @types/repeat-string@ts3.6 fetched in 84ms
225 http fetch GET 200 https://registry.npmjs.org/@types%2fregenerate 70ms
226 silly fetchPackageMetaData error for @types/regenerate@ts3.6 No matching version found for @types/regenerate@ts3.6.
227 http fetch GET 304 https://registry.npmjs.org/@types%2frequire-from-string 71ms (from cache)
228 silly pacote tag manifest for @types/require-from-string@ts3.6 fetched in 72ms
229 http fetch GET 304 https://registry.npmjs.org/@types%2fresolve 69ms (from cache)
230 silly pacote tag manifest for @types/resolve@ts3.6 fetched in 70ms
231 http fetch GET 304 https://registry.npmjs.org/@types%2frequires-port 101ms (from cache)
232 silly pacote tag manifest for @types/requires-port@ts3.6 fetched in 102ms
233 http fetch GET 304 https://registry.npmjs.org/@types%2fretry 83ms (from cache)
234 silly pacote tag manifest for @types/retry@ts3.6 fetched in 85ms
235 http fetch GET 304 https://registry.npmjs.org/@types%2frequire-directory 164ms (from cache)
236 silly pacote tag manifest for @types/require-directory@ts3.6 fetched in 165ms
237 http fetch GET 304 https://registry.npmjs.org/@types%2fripemd160 84ms (from cache)
238 silly pacote tag manifest for @types/ripemd160@ts3.6 fetched in 86ms
239 http fetch GET 304 https://registry.npmjs.org/@types%2frun-parallel 86ms (from cache)
240 silly pacote tag manifest for @types/run-parallel@ts3.6 fetched in 87ms
241 http fetch GET 304 https://registry.npmjs.org/@types%2fsafe-regex-test 83ms (from cache)
242 silly registry:manifest no matching version for @types/safe-regex-test@ts3.6 in the cache. Forcing revalidation.
243 http fetch GET 304 https://registry.npmjs.org/@types%2fsafer-buffer 71ms (from cache)
244 silly pacote tag manifest for @types/safer-buffer@ts3.6 fetched in 73ms
245 http fetch GET 304 https://registry.npmjs.org/@types%2fsane 86ms (from cache)
246 http fetch GET 200 https://registry.npmjs.org/@types%2fsafe-regex-test 75ms
247 silly fetchPackageMetaData error for @types/safe-regex-test@ts3.6 No matching version found for @types/safe-regex-test@ts3.6.
248 silly pacote tag manifest for @types/sane@ts3.6 fetched in 89ms
249 http fetch GET 304 https://registry.npmjs.org/@types%2fsass-loader 64ms (from cache)
250 silly pacote tag manifest for @types/sass-loader@ts3.6 fetched in 66ms
251 http fetch GET 304 https://registry.npmjs.org/@types%2fprogress 1207ms (from cache)
252 silly pacote tag manifest for @types/progress@ts3.6 fetched in 1209ms
253 http fetch GET 304 https://registry.npmjs.org/@types%2fpostcss-modules-local-by-default 1746ms (from cache)
254 silly pacote tag manifest for @types/postcss-modules-local-by-default@ts3.6 fetched in 1748ms
255 http fetch GET 304 https://registry.npmjs.org/@types%2fselfsigned 66ms (from cache)
256 silly registry:manifest no matching version for @types/selfsigned@ts3.6 in the cache. Forcing revalidation.
257 http fetch GET 304 https://registry.npmjs.org/@types%2fscheduler 83ms (from cache)
258 silly pacote tag manifest for @types/scheduler@ts3.6 fetched in 85ms
259 http fetch GET 304 https://registry.npmjs.org/@types%2fsax 91ms (from cache)
260 silly pacote tag manifest for @types/sax@ts3.6 fetched in 92ms
261 http fetch GET 304 https://registry.npmjs.org/@types%2fsemver 97ms (from cache)
262 silly pacote tag manifest for @types/semver@ts3.6 fetched in 99ms
263 http fetch GET 304 https://registry.npmjs.org/@types%2fsemver-compare 66ms (from cache)
264 silly pacote tag manifest for @types/semver-compare@ts3.6 fetched in 68ms
265 http fetch GET 200 https://registry.npmjs.org/@types%2fselfsigned 71ms
266 silly fetchPackageMetaData error for @types/selfsigned@ts3.6 No matching version found for @types/selfsigned@ts3.6.
267 http fetch GET 304 https://registry.npmjs.org/@types%2fsend 104ms (from cache)
268 http fetch GET 304 https://registry.npmjs.org/@types%2fserialize-javascript 98ms (from cache)
269 silly pacote tag manifest for @types/send@ts3.6 fetched in 106ms
270 silly pacote tag manifest for @types/serialize-javascript@ts3.6 fetched in 100ms
271 http fetch GET 200 https://registry.npmjs.org/@types%2fpostcss-font-variant 1887ms
272 silly fetchPackageMetaData error for @types/postcss-font-variant@ts3.6 No matching version found for @types/postcss-font-variant@ts3.6.
273 http fetch GET 304 https://registry.npmjs.org/@types%2fserve-static 70ms (from cache)
274 silly pacote tag manifest for @types/serve-static@ts3.6 fetched in 72ms
275 http fetch GET 304 https://registry.npmjs.org/@types%2fset-blocking 82ms (from cache)
276 silly registry:manifest no matching version for @types/set-blocking@ts3.6 in the cache. Forcing revalidation.
277 http fetch GET 304 https://registry.npmjs.org/@types%2fserve-index 107ms (from cache)
278 silly pacote tag manifest for @types/serve-index@ts3.6 fetched in 109ms
279 http fetch GET 304 https://registry.npmjs.org/@types%2fshebang-command 74ms (from cache)
280 http fetch GET 304 https://registry.npmjs.org/@types%2fsha.js 88ms (from cache)
281 http fetch GET 304 https://registry.npmjs.org/@types%2fset-value 97ms (from cache)
282 silly pacote tag manifest for @types/sha.js@ts3.6 fetched in 89ms
283 silly pacote tag manifest for @types/shebang-command@ts3.6 fetched in 77ms
284 http fetch GET 304 https://registry.npmjs.org/@types%2fsetimmediate 98ms (from cache)
285 silly pacote tag manifest for @types/set-value@ts3.6 fetched in 99ms
286 silly pacote tag manifest for @types/setimmediate@ts3.6 fetched in 101ms
287 http fetch GET 304 https://registry.npmjs.org/@types%2fshell-quote 76ms (from cache)
288 silly pacote tag manifest for @types/shell-quote@ts3.6 fetched in 78ms
289 http fetch GET 200 https://registry.npmjs.org/@types%2fset-blocking 99ms
290 silly fetchPackageMetaData error for @types/set-blocking@ts3.6 No matching version found for @types/set-blocking@ts3.6.
291 http fetch GET 304 https://registry.npmjs.org/@types%2fsignal-exit 72ms (from cache)
292 silly pacote tag manifest for @types/signal-exit@ts3.6 fetched in 74ms
293 http fetch GET 304 https://registry.npmjs.org/@types%2fsimple-swizzle 138ms (from cache)
294 silly registry:manifest no matching version for @types/simple-swizzle@ts3.6 in the cache. Forcing revalidation.
295 http fetch GET 304 https://registry.npmjs.org/@types%2fsource-list-map 537ms (from cache)
296 http fetch GET 304 https://registry.npmjs.org/@types%2fsource-map-support 713ms (from cache)
297 http fetch GET 304 https://registry.npmjs.org/@types%2fsockjs-client 751ms (from cache)
298 http fetch GET 304 https://registry.npmjs.org/@types%2fspdx-correct 793ms (from cache)
299 silly pacote tag manifest for @types/source-map-support@ts3.6 fetched in 839ms
300 silly pacote tag manifest for @types/source-list-map@ts3.6 fetched in 853ms
301 http fetch GET 200 https://registry.npmjs.org/@types%2fsimple-swizzle 770ms
302 silly fetchPackageMetaData error for @types/simple-swizzle@ts3.6 No matching version found for @types/simple-swizzle@ts3.6.
303 silly pacote tag manifest for @types/sockjs-client@ts3.6 fetched in 948ms
304 http fetch GET 200 https://registry.npmjs.org/@types%2fpath-browserify 2003ms
305 silly fetchPackageMetaData error for @types/path-browserify@ts3.6 No matching version found for @types/path-browserify@ts3.6.
306 silly pacote tag manifest for @types/spdx-correct@ts3.6 fetched in 904ms
307 http fetch GET 304 https://registry.npmjs.org/@types%2fsockjs 1074ms (from cache)
308 http fetch GET 304 https://registry.npmjs.org/@types%2frandombytes 2127ms (from cache)
309 silly pacote tag manifest for @types/randombytes@ts3.6 fetched in 2150ms
310 silly pacote tag manifest for @types/sockjs@ts3.6 fetched in 1224ms
311 http fetch GET 304 https://registry.npmjs.org/@types%2fspdx-expression-parse 398ms (from cache)
312 http fetch GET 304 https://registry.npmjs.org/@types%2fsprintf 417ms (from cache)
313 http fetch GET 304 https://registry.npmjs.org/@types%2frsvp 1844ms (from cache)
314 silly pacote tag manifest for @types/spdx-expression-parse@ts3.6 fetched in 470ms
315 silly pacote tag manifest for @types/sprintf@ts3.6 fetched in 447ms
316 silly pacote tag manifest for @types/rsvp@ts3.6 fetched in 1856ms
317 http fetch GET 304 https://registry.npmjs.org/@types%2fsafe-regex 1826ms (from cache)
318 silly pacote tag manifest for @types/safe-regex@ts3.6 fetched in 1835ms
319 http fetch GET 304 https://registry.npmjs.org/@types%2fsprintf-js 752ms (from cache)
320 http fetch GET 304 https://registry.npmjs.org/@types%2fstatuses 479ms (from cache)
321 http fetch GET 304 https://registry.npmjs.org/@types%2fstatic-eval 528ms (from cache)
322 http fetch GET 304 https://registry.npmjs.org/@types%2fstream-shift 396ms (from cache)
323 silly pacote tag manifest for @types/static-eval@ts3.6 fetched in 570ms
324 silly pacote tag manifest for @types/sprintf-js@ts3.6 fetched in 845ms
325 silly pacote tag manifest for @types/stream-shift@ts3.6 fetched in 484ms
326 http fetch GET 304 https://registry.npmjs.org/@types%2fstring-natural-compare 470ms (from cache)
327 http fetch GET 304 https://registry.npmjs.org/@types%2fstream-each 491ms (from cache)
328 silly pacote tag manifest for @types/string-natural-compare@ts3.6 fetched in 694ms
329 silly pacote tag manifest for @types/statuses@ts3.6 fetched in 853ms
330 http fetch GET 304 https://registry.npmjs.org/@types%2fspdy 1268ms (from cache)
331 silly pacote tag manifest for @types/stream-each@ts3.6 fetched in 805ms
332 http fetch GET 304 https://registry.npmjs.org/@types%2fstack-utils 1203ms (from cache)
333 silly pacote tag manifest for @types/spdy@ts3.6 fetched in 1308ms
334 silly pacote tag manifest for @types/stack-utils@ts3.6 fetched in 1293ms
335 http fetch GET 304 https://registry.npmjs.org/@types%2fstringify-object 617ms (from cache)
336 http fetch GET 304 https://registry.npmjs.org/@types%2fstring.prototype.matchall 701ms (from cache)
337 http fetch GET 304 https://registry.npmjs.org/@types%2fstrip-comments 429ms (from cache)
338 http fetch GET 304 https://registry.npmjs.org/@types%2fsupports-color 419ms (from cache)
339 silly pacote tag manifest for @types/stringify-object@ts3.6 fetched in 690ms
340 silly pacote tag manifest for @types/string.prototype.matchall@ts3.6 fetched in 737ms
341 http fetch GET 304 https://registry.npmjs.org/@types%2fssri 1567ms (from cache)
342 silly pacote tag manifest for @types/strip-comments@ts3.6 fetched in 507ms
343 silly pacote tag manifest for @types/supports-color@ts3.6 fetched in 539ms
344 silly pacote tag manifest for @types/ssri@ts3.6 fetched in 1654ms
345 http fetch GET 304 https://registry.npmjs.org/@types%2ftapable 395ms (from cache)
346 http fetch GET 304 https://registry.npmjs.org/@types%2fsvg-parser 553ms (from cache)
347 silly pacote tag manifest for @types/tapable@ts3.6 fetched in 745ms
348 silly pacote tag manifest for @types/svg-parser@ts3.6 fetched in 871ms
349 http fetch GET 304 https://registry.npmjs.org/@types%2fsymbol-tree 849ms (from cache)
350 silly pacote tag manifest for @types/symbol-tree@ts3.6 fetched in 905ms
351 http fetch GET 304 https://registry.npmjs.org/@types%2ftar 761ms (from cache)
352 http fetch GET 304 https://registry.npmjs.org/@types%2fthrough 675ms (from cache)
353 http fetch GET 304 https://registry.npmjs.org/@types%2ftext-table 720ms (from cache)
354 http fetch GET 304 https://registry.npmjs.org/@types%2ftest-exclude 771ms (from cache)
355 silly registry:manifest no matching version for @types/test-exclude@ts3.6 in the cache. Forcing revalidation.
356 silly pacote tag manifest for @types/text-table@ts3.6 fetched in 731ms
357 silly pacote tag manifest for @types/tar@ts3.6 fetched in 814ms
358 silly pacote tag manifest for @types/through@ts3.6 fetched in 773ms
359 http fetch GET 304 https://registry.npmjs.org/@types%2fstrict-uri-encode 2032ms (from cache)
360 http fetch GET 304 https://registry.npmjs.org/@types%2fthrough2 822ms (from cache)
361 silly pacote tag manifest for @types/strict-uri-encode@ts3.6 fetched in 2220ms
362 silly pacote tag manifest for @types/through2@ts3.6 fetched in 983ms
363 http fetch GET 304 https://registry.npmjs.org/@types%2fthunky 622ms (from cache)
364 http fetch GET 304 https://registry.npmjs.org/@types%2ftimsort 613ms (from cache)
365 http fetch GET 304 https://registry.npmjs.org/@types%2ftmpl 552ms (from cache)
366 silly registry:manifest no matching version for @types/tmpl@ts3.6 in the cache. Forcing revalidation.
367 http fetch GET 304 https://registry.npmjs.org/@types%2fto-regex-range 255ms (from cache)
368 silly registry:manifest no matching version for @types/to-regex-range@ts3.6 in the cache. Forcing revalidation.
369 silly pacote tag manifest for @types/thunky@ts3.6 fetched in 677ms
370 silly pacote tag manifest for @types/timsort@ts3.6 fetched in 810ms
371 http fetch GET 200 https://registry.npmjs.org/@types%2ftest-exclude 611ms
372 silly fetchPackageMetaData error for @types/test-exclude@ts3.6 No matching version found for @types/test-exclude@ts3.6.
373 http fetch GET 304 https://registry.npmjs.org/@types%2ftoidentifier 387ms (from cache)
374 silly registry:manifest no matching version for @types/toidentifier@ts3.6 in the cache. Forcing revalidation.
375 http fetch GET 304 https://registry.npmjs.org/@types%2fto-object-path 665ms (from cache)
376 silly registry:manifest no matching version for @types/to-object-path@ts3.6 in the cache. Forcing revalidation.
377 http fetch GET 304 https://registry.npmjs.org/@types%2fstring.prototype.trim 2174ms (from cache)
378 silly registry:manifest no matching version for @types/string.prototype.trim@ts3.6 in the cache. Forcing revalidation.
379 http fetch GET 304 https://registry.npmjs.org/@types%2ftough-cookie 370ms (from cache)
380 http fetch GET 200 https://registry.npmjs.org/@types%2fto-regex-range 331ms
381 silly fetchPackageMetaData error for @types/to-regex-range@ts3.6 No matching version found for @types/to-regex-range@ts3.6.
382 http fetch GET 304 https://registry.npmjs.org/@types%2ftr46 380ms (from cache)
383 silly registry:manifest no matching version for @types/tr46@ts3.6 in the cache. Forcing revalidation.
384 silly pacote tag manifest for @types/tough-cookie@ts3.6 fetched in 475ms
385 http fetch GET 200 https://registry.npmjs.org/@types%2ftoidentifier 172ms
386 silly fetchPackageMetaData error for @types/toidentifier@ts3.6 No matching version found for @types/toidentifier@ts3.6.
387 http fetch GET 200 https://registry.npmjs.org/@types%2fto-object-path 216ms
388 silly fetchPackageMetaData error for @types/to-object-path@ts3.6 No matching version found for @types/to-object-path@ts3.6.
389 http fetch GET 304 https://registry.npmjs.org/@types%2ftryer 349ms (from cache)
390 silly pacote tag manifest for @types/tryer@ts3.6 fetched in 491ms
391 http fetch GET 200 https://registry.npmjs.org/@types%2ftr46 416ms
392 silly fetchPackageMetaData error for @types/tr46@ts3.6 No matching version found for @types/tr46@ts3.6.
393 http fetch GET 304 https://registry.npmjs.org/@types%2ftype-is 413ms (from cache)
394 silly pacote tag manifest for @types/type-is@ts3.6 fetched in 441ms
395 http fetch GET 304 https://registry.npmjs.org/@types%2funbox-primitive 413ms (from cache)
396 silly registry:manifest no matching version for @types/unbox-primitive@ts3.6 in the cache. Forcing revalidation.
397 http fetch GET 304 https://registry.npmjs.org/@types%2ftypedarray-to-buffer 457ms (from cache)
398 silly registry:manifest no matching version for @types/typedarray-to-buffer@ts3.6 in the cache. Forcing revalidation.
399 http fetch GET 304 https://registry.npmjs.org/@types%2ftype-detect 625ms (from cache)
400 silly pacote tag manifest for @types/type-detect@ts3.6 fetched in 651ms
401 http fetch GET 304 https://registry.npmjs.org/@types%2funderscore 438ms (from cache)
402 http fetch GET 200 https://registry.npmjs.org/@types%2funbox-primitive 181ms
403 silly fetchPackageMetaData error for @types/unbox-primitive@ts3.6 No matching version found for @types/unbox-primitive@ts3.6.
404 silly pacote tag manifest for @types/underscore@ts3.6 fetched in 546ms
405 http fetch GET 304 https://registry.npmjs.org/@types%2fto-regex 1580ms (from cache)
406 silly registry:manifest no matching version for @types/to-regex@ts3.6 in the cache. Forcing revalidation.
407 http fetch GET 304 https://registry.npmjs.org/@types%2funiq 449ms (from cache)
408 http fetch GET 304 https://registry.npmjs.org/@types%2funiversalify 311ms (from cache)
409 silly pacote tag manifest for @types/uniq@ts3.6 fetched in 460ms
410 silly pacote tag manifest for @types/universalify@ts3.6 fetched in 368ms
411 http fetch GET 304 https://registry.npmjs.org/@types%2furix 192ms (from cache)
412 http fetch GET 304 https://registry.npmjs.org/@types%2funquote 285ms (from cache)
413 silly registry:manifest no matching version for @types/unquote@ts3.6 in the cache. Forcing revalidation.
414 silly pacote tag manifest for @types/urix@ts3.6 fetched in 197ms
415 http fetch GET 304 https://registry.npmjs.org/@types%2futil-deprecate 86ms (from cache)
416 silly pacote tag manifest for @types/util-deprecate@ts3.6 fetched in 87ms
417 http fetch GET 200 https://registry.npmjs.org/@types%2fto-regex 167ms
418 silly fetchPackageMetaData error for @types/to-regex@ts3.6 No matching version found for @types/to-regex@ts3.6.
419 http fetch GET 200 https://registry.npmjs.org/@types%2fstring.prototype.trim 1205ms
420 silly fetchPackageMetaData error for @types/string.prototype.trim@ts3.6 No matching version found for @types/string.prototype.trim@ts3.6.
421 http fetch GET 304 https://registry.npmjs.org/@types%2fuuid 90ms (from cache)
422 http fetch GET 304 https://registry.npmjs.org/@types%2furl-parse 233ms (from cache)
423 silly pacote tag manifest for @types/uuid@ts3.6 fetched in 92ms
424 silly pacote tag manifest for @types/url-parse@ts3.6 fetched in 237ms
425 http fetch GET 304 https://registry.npmjs.org/@types%2futils-merge 103ms (from cache)
426 silly pacote tag manifest for @types/utils-merge@ts3.6 fetched in 105ms
427 http fetch GET 304 https://registry.npmjs.org/@types%2futil.promisify 158ms (from cache)
428 silly pacote tag manifest for @types/util.promisify@ts3.6 fetched in 161ms
429 http fetch GET 304 https://registry.npmjs.org/@types%2fvalidate-npm-package-license 73ms (from cache)
430 silly pacote tag manifest for @types/validate-npm-package-license@ts3.6 fetched in 76ms
431 http fetch GET 304 https://registry.npmjs.org/@types%2ftype-check 1346ms (from cache)
432 silly pacote tag manifest for @types/type-check@ts3.6 fetched in 1349ms
433 http fetch GET 304 https://registry.npmjs.org/@types%2fw3c-hr-time 82ms (from cache)
434 silly pacote tag manifest for @types/w3c-hr-time@ts3.6 fetched in 84ms
435 http fetch GET 304 https://registry.npmjs.org/@types%2fvary 91ms (from cache)
436 silly pacote tag manifest for @types/vary@ts3.6 fetched in 93ms
437 http fetch GET 304 https://registry.npmjs.org/@types%2fw3c-xmlserializer 100ms (from cache)
438 silly pacote tag manifest for @types/w3c-xmlserializer@ts3.6 fetched in 101ms
439 http fetch GET 304 https://registry.npmjs.org/@types%2fwebidl-conversions 76ms (from cache)
440 silly pacote tag manifest for @types/webidl-conversions@ts3.6 fetched in 78ms
441 http fetch GET 304 https://registry.npmjs.org/@types%2fwatchpack 99ms (from cache)
442 silly pacote tag manifest for @types/watchpack@ts3.6 fetched in 103ms
443 http fetch GET 304 https://registry.npmjs.org/@types%2fwebpack 88ms (from cache)
444 silly pacote tag manifest for @types/webpack@ts3.6 fetched in 91ms
445 http fetch GET 304 https://registry.npmjs.org/@types%2fwebpack-manifest-plugin 98ms (from cache)
446 http fetch GET 304 https://registry.npmjs.org/@types%2fwebpack-sources 92ms (from cache)
447 silly pacote tag manifest for @types/webpack-manifest-plugin@ts3.6 fetched in 100ms
448 silly pacote tag manifest for @types/webpack-sources@ts3.6 fetched in 94ms
449 http fetch GET 304 https://registry.npmjs.org/@types%2fwhatwg-encoding 89ms (from cache)
450 silly pacote tag manifest for @types/whatwg-encoding@ts3.6 fetched in 94ms
451 http fetch GET 304 https://registry.npmjs.org/@types%2fwhatwg-mimetype 66ms (from cache)
452 silly pacote tag manifest for @types/whatwg-mimetype@ts3.6 fetched in 67ms
453 http fetch GET 200 https://registry.npmjs.org/@types%2ftmpl 1780ms
454 silly fetchPackageMetaData error for @types/tmpl@ts3.6 No matching version found for @types/tmpl@ts3.6.
455 http fetch GET 304 https://registry.npmjs.org/@types%2fwhatwg-url 95ms (from cache)
456 silly pacote tag manifest for @types/whatwg-url@ts3.6 fetched in 97ms
457 http fetch GET 304 https://registry.npmjs.org/@types%2fwhich 83ms (from cache)
458 silly pacote tag manifest for @types/which@ts3.6 fetched in 85ms
459 http fetch GET 304 https://registry.npmjs.org/@types%2fwhich-boxed-primitive 88ms (from cache)
460 silly registry:manifest no matching version for @types/which-boxed-primitive@ts3.6 in the cache. Forcing revalidation.
461 http fetch GET 304 https://registry.npmjs.org/@types%2fworkbox-sw 92ms (from cache)
462 silly pacote tag manifest for @types/workbox-sw@ts3.6 fetched in 94ms
463 http fetch GET 304 https://registry.npmjs.org/@types%2fxml-name-validator 64ms (from cache)
464 silly registry:manifest no matching version for @types/xml-name-validator@ts3.6 in the cache. Forcing revalidation.
465 http fetch GET 304 https://registry.npmjs.org/@types%2fws 74ms (from cache)
466 silly pacote tag manifest for @types/ws@ts3.6 fetched in 75ms
467 http fetch GET 200 https://registry.npmjs.org/@types%2fwhich-boxed-primitive 85ms
468 silly fetchPackageMetaData error for @types/which-boxed-primitive@ts3.6 No matching version found for @types/which-boxed-primitive@ts3.6.
469 http fetch GET 304 https://registry.npmjs.org/@types%2fyallist 106ms (from cache)
470 silly pacote tag manifest for @types/yallist@ts3.6 fetched in 108ms
471 http fetch GET 304 https://registry.npmjs.org/@types%2fyargs-parser 135ms (from cache)
472 silly pacote tag manifest for @types/yargs-parser@ts3.6 fetched in 137ms
473 http fetch GET 200 https://registry.npmjs.org/@types%2ftypedarray-to-buffer 1222ms
474 silly fetchPackageMetaData error for @types/typedarray-to-buffer@ts3.6 No matching version found for @types/typedarray-to-buffer@ts3.6.
475 http fetch GET 304 https://registry.npmjs.org/@types%2fyargs 361ms (from cache)
476 silly pacote tag manifest for @types/yargs@ts3.6 fetched in 363ms
477 http fetch GET 304 https://registry.npmjs.org/@types%2funique-slug 1517ms (from cache)
478 silly registry:manifest no matching version for @types/unique-slug@ts3.6 in the cache. Forcing revalidation.
479 http fetch GET 200 https://registry.npmjs.org/@types%2funquote 1701ms
480 silly fetchPackageMetaData error for @types/unquote@ts3.6 No matching version found for @types/unquote@ts3.6.
481 http fetch GET 304 https://registry.npmjs.org/@types%2fwrite-file-atomic 1730ms (from cache)
482 silly pacote tag manifest for @types/write-file-atomic@ts3.6 fetched in 1731ms
483 http fetch GET 304 https://registry.npmjs.org/@types%2fxtend 1738ms (from cache)
484 silly pacote tag manifest for @types/xtend@ts3.6 fetched in 1740ms
485 http fetch GET 200 https://registry.npmjs.org/@types%2funique-slug 1184ms
486 silly fetchPackageMetaData error for @types/unique-slug@ts3.6 No matching version found for @types/unique-slug@ts3.6.
487 http fetch GET 200 https://registry.npmjs.org/@types%2fxml-name-validator 1730ms
488 silly fetchPackageMetaData error for @types/xml-name-validator@ts3.6 No matching version found for @types/xml-name-validator@ts3.6.
489 http fetch GET 304 https://registry.npmjs.org/@types%2fwhich-pm-runs 1877ms (from cache)
490 silly pacote tag manifest for @types/which-pm-runs@ts3.6 fetched in 1879ms
491 timing stage:rollbackFailedOptional Completed in 0ms
492 timing stage:runTopLevelLifecycles Completed in 11572ms
493 verbose type tag
494 verbose stack @types/makeerror: No matching version found for @types/makeerror@ts3.6.
494 verbose stack     at pickManifest (/usr/local/lib/node_modules/npm/node_modules/npm-pick-manifest/index.js:122:13)
494 verbose stack     at /usr/local/lib/node_modules/npm/node_modules/pacote/lib/fetchers/registry/manifest.js:43:18
494 verbose stack     at tryCatcher (/usr/local/lib/node_modules/npm/node_modules/bluebird/js/release/util.js:16:23)
494 verbose stack     at Promise._settlePromiseFromHandler (/usr/local/lib/node_modules/npm/node_modules/bluebird/js/release/promise.js:517:31)
494 verbose stack     at Promise._settlePromise (/usr/local/lib/node_modules/npm/node_modules/bluebird/js/release/promise.js:574:18)
494 verbose stack     at Promise._settlePromise0 (/usr/local/lib/node_modules/npm/node_modules/bluebird/js/release/promise.js:619:10)
494 verbose stack     at Promise._settlePromises (/usr/local/lib/node_modules/npm/node_modules/bluebird/js/release/promise.js:699:18)
494 verbose stack     at _drainQueueStep (/usr/local/lib/node_modules/npm/node_modules/bluebird/js/release/async.js:138:12)
494 verbose stack     at _drainQueue (/usr/local/lib/node_modules/npm/node_modules/bluebird/js/release/async.js:131:9)
494 verbose stack     at Async._drainQueues (/usr/local/lib/node_modules/npm/node_modules/bluebird/js/release/async.js:147:5)
494 verbose stack     at Immediate.Async.drainQueues [as _onImmediate] (/usr/local/lib/node_modules/npm/node_modules/bluebird/js/release/async.js:17:14)
494 verbose stack     at processImmediate (internal/timers.js:456:21)
495 verbose cwd /home/theia/.cache/typescript/3.6
496 verbose Linux 5.15.133.1-microsoft-standard-WSL2
497 verbose argv "/usr/local/bin/node" "/usr/local/bin/npm" "install" "--ignore-scripts" "@types/loader-utils@ts3.6" "@types/lodash@ts3.6" "@types/lodash.debounce@ts3.6" "@types/lodash.memoize@ts3.6" "@types/lodash.merge@ts3.6" "@types/lodash.template@ts3.6" "@types/lodash.truncate@ts3.6" "@types/lodash.uniq@ts3.6" "@types/makeerror@ts3.6" "@types/media-typer@ts3.6" "@types/memory-fs@ts3.6" "@types/memorystream@ts3.6" "@types/merge-descriptors@ts3.6" "@types/merge-stream@ts3.6" "@types/merge2@ts3.6" "@types/methods@ts3.6" "@types/micromatch@ts3.6" "@types/mime@ts3.6" "@types/mime-db@ts3.6" "@types/mime-types@ts3.6" "@types/min-indent@ts3.6" "@types/minimalistic-assert@ts3.6" "@types/minimist@ts3.6" "@types/minizlib@ts3.6" "@types/move-concurrently@ts3.6" "@types/ms@ts3.6" "@types/multicast-dns@ts3.6" "@types/natural-compare@ts3.6" "@types/negotiator@ts3.6" "@types/neo-async@ts3.6" "@types/next-tick@ts3.6" "@types/nice-try@ts3.6" "@types/node-forge@ts3.6" "@types/node-int64@ts3.6" "@types/node-notifier@ts3.6" "@types/normalize-package-data@ts3.6" "@types/normalize-path@ts3.6" "@types/num2fraction@ts3.6" "@types/nwsapi@ts3.6" "@types/object-assign@ts3.6" "@types/object-inspect@ts3.6" "@types/object-keys@ts3.6" "@types/object.assign@ts3.6" "@types/object.entries@ts3.6" "@types/object.fromentries@ts3.6" "@types/object.getownpropertydescriptors@ts3.6" "@types/object.groupby@ts3.6" "@types/object.pick@ts3.6" "@types/on-finished@ts3.6" "@types/on-headers@ts3.6" "@types/once@ts3.6" "@types/optimize-css-assets-webpack-plugin@ts3.6" "@types/pako@ts3.6" "@types/parallel-transform@ts3.6" "@types/parse-json@ts3.6" "@types/parseurl@ts3.6" "@types/pascalcase@ts3.6" "@types/path-browserify@ts3.6" "@types/path-is-absolute@ts3.6" "@types/path-is-inside@ts3.6" "@types/path-parse@ts3.6" "@types/pbkdf2@ts3.6" "@types/picomatch@ts3.6" "@types/pify@ts3.6" "@types/postcss-color-gray@ts3.6" "@types/postcss-flexbugs-fixes@ts3.6" "@types/postcss-font-variant@ts3.6" "@types/postcss-gap-properties@ts3.6" "@types/postcss-modules-extract-imports@ts3.6" "@types/postcss-modules-local-by-default@ts3.6" "@types/postcss-modules-scope@ts3.6" "@types/postcss-modules-values@ts3.6" "@types/postcss-normalize@ts3.6" "@types/postcss-page-break@ts3.6" "@types/postcss-safe-parser@ts3.6" "@types/prelude-ls@ts3.6" "@types/prettier-linter-helpers@ts3.6" "@types/progress@ts3.6" "@types/promise-inflight@ts3.6" "@types/prompts@ts3.6" "@types/prop-types@ts3.6" "@types/proxy-addr@ts3.6" "@types/psl@ts3.6" "@types/pump@ts3.6" "@types/pumpify@ts3.6" "@types/punycode@ts3.6" "@types/q@ts3.6" "@types/qs@ts3.6" "@types/querystringify@ts3.6" "@types/raf@ts3.6" "@types/randombytes@ts3.6" "@types/range-parser@ts3.6" "@types/react-dev-utils@ts3.6" "@types/react-is@ts3.6" "@types/react-refresh@ts3.6" "@types/readable-stream@ts3.6" "@types/recursive-readdir@ts3.6" "@types/regenerate@ts3.6" "@types/regenerator-runtime@ts3.6" "@types/regex-not@ts3.6" "@types/relateurl@ts3.6" "@types/repeat-element@ts3.6" "@types/repeat-string@ts3.6" "@types/require-directory@ts3.6" "@types/require-from-string@ts3.6" "@types/requires-port@ts3.6" "@types/resolve@ts3.6" "@types/retry@ts3.6" "@types/ripemd160@ts3.6" "@types/rsvp@ts3.6" "@types/run-parallel@ts3.6" "@types/safe-regex@ts3.6" "@types/safe-regex-test@ts3.6" "@types/safer-buffer@ts3.6" "@types/sane@ts3.6" "@types/sass-loader@ts3.6" "@types/sax@ts3.6" "@types/scheduler@ts3.6" "@types/selfsigned@ts3.6" "@types/semver@ts3.6" "@types/semver-compare@ts3.6" "@types/send@ts3.6" "@types/serialize-javascript@ts3.6" "@types/serve-index@ts3.6" "@types/serve-static@ts3.6" "@types/set-blocking@ts3.6" "@types/set-value@ts3.6" "@types/setimmediate@ts3.6" "@types/sha.js@ts3.6" "@types/shebang-command@ts3.6" "@types/shell-quote@ts3.6" "@types/signal-exit@ts3.6" "@types/simple-swizzle@ts3.6" "@types/sockjs@ts3.6" "@types/sockjs-client@ts3.6" "@types/source-list-map@ts3.6" "@types/source-map-support@ts3.6" "@types/spdx-correct@ts3.6" "@types/spdx-expression-parse@ts3.6" "@types/spdy@ts3.6" "@types/sprintf@ts3.6" "@types/sprintf-js@ts3.6" "@types/ssri@ts3.6" "@types/stack-utils@ts3.6" "@types/static-eval@ts3.6" "@types/statuses@ts3.6" "@types/stream-each@ts3.6" "@types/stream-shift@ts3.6" "@types/strict-uri-encode@ts3.6" "@types/string-natural-compare@ts3.6" "@types/string.prototype.matchall@ts3.6" "@types/string.prototype.trim@ts3.6" "@types/stringify-object@ts3.6" "@types/strip-comments@ts3.6" "@types/supports-color@ts3.6" "@types/svg-parser@ts3.6" "@types/symbol-tree@ts3.6" "@types/tapable@ts3.6" "@types/tar@ts3.6" "@types/test-exclude@ts3.6" "@types/text-table@ts3.6" "@types/through@ts3.6" "@types/through2@ts3.6" "@types/thunky@ts3.6" "@types/timsort@ts3.6" "@types/tmpl@ts3.6" "@types/to-object-path@ts3.6" "@types/to-regex@ts3.6" "@types/to-regex-range@ts3.6" "@types/toidentifier@ts3.6" "@types/tough-cookie@ts3.6" "@types/tr46@ts3.6" "@types/tryer@ts3.6" "@types/type-check@ts3.6" "@types/type-detect@ts3.6" "@types/type-is@ts3.6" "@types/typedarray-to-buffer@ts3.6" "@types/unbox-primitive@ts3.6" "@types/underscore@ts3.6" "@types/uniq@ts3.6" "@types/unique-slug@ts3.6" "@types/universalify@ts3.6" "@types/unquote@ts3.6" "@types/urix@ts3.6" "@types/url-parse@ts3.6" "@types/util-deprecate@ts3.6" "@types/util.promisify@ts3.6" "@types/utils-merge@ts3.6" "@types/uuid@ts3.6" "@types/validate-npm-package-license@ts3.6" "@types/vary@ts3.6" "@types/w3c-hr-time@ts3.6" "@types/w3c-xmlserializer@ts3.6" "@types/watchpack@ts3.6" "@types/webidl-conversions@ts3.6" "@types/webpack@ts3.6" "@types/webpack-manifest-plugin@ts3.6" "@types/webpack-sources@ts3.6" "@types/whatwg-encoding@ts3.6" "@types/whatwg-mimetype@ts3.6" "@types/whatwg-url@ts3.6" "@types/which@ts3.6" "@types/which-boxed-primitive@ts3.6" "@types/which-pm-runs@ts3.6" "@types/workbox-sw@ts3.6" "@types/write-file-atomic@ts3.6" "@types/ws@ts3.6" "@types/xml-name-validator@ts3.6" "@types/xtend@ts3.6" "@types/yallist@ts3.6" "@types/yargs@ts3.6" "@types/yargs-parser@ts3.6" "--save-dev" "--user-agent=typesInstaller/3.6.3"
498 verbose node v12.18.3
499 verbose npm  v6.14.6
500 error code ETARGET
501 error notarget No matching version found for @types/makeerror@ts3.6.
502 error notarget In most cases you or one of your dependencies are requesting
502 error notarget a package version that doesn't exist.
503 verbose exit [ 1, true ]
