0 info it worked if it ends with ok
1 verbose cli [
1 verbose cli   '/usr/local/bin/node',
1 verbose cli   '/usr/local/bin/npm',
1 verbose cli   'install',
1 verbose cli   '--ignore-scripts',
1 verbose cli   '@types/loader-utils@ts3.6',
1 verbose cli   '@types/lodash@ts3.6',
1 verbose cli   '@types/lodash.debounce@ts3.6',
1 verbose cli   '@types/lodash.memoize@ts3.6',
1 verbose cli   '@types/lodash.merge@ts3.6',
1 verbose cli   '@types/lodash.template@ts3.6',
1 verbose cli   '@types/lodash.truncate@ts3.6',
1 verbose cli   '@types/lodash.uniq@ts3.6',
1 verbose cli   '@types/makeerror@ts3.6',
1 verbose cli   '@types/media-typer@ts3.6',
1 verbose cli   '@types/memory-fs@ts3.6',
1 verbose cli   '@types/memorystream@ts3.6',
1 verbose cli   '@types/merge-descriptors@ts3.6',
1 verbose cli   '@types/merge-stream@ts3.6',
1 verbose cli   '@types/merge2@ts3.6',
1 verbose cli   '@types/methods@ts3.6',
1 verbose cli   '@types/micromatch@ts3.6',
1 verbose cli   '@types/mime@ts3.6',
1 verbose cli   '@types/mime-db@ts3.6',
1 verbose cli   '@types/mime-types@ts3.6',
1 verbose cli   '@types/min-indent@ts3.6',
1 verbose cli   '@types/minimalistic-assert@ts3.6',
1 verbose cli   '@types/minimist@ts3.6',
1 verbose cli   '@types/minizlib@ts3.6',
1 verbose cli   '@types/move-concurrently@ts3.6',
1 verbose cli   '@types/ms@ts3.6',
1 verbose cli   '@types/multicast-dns@ts3.6',
1 verbose cli   '@types/natural-compare@ts3.6',
1 verbose cli   '@types/negotiator@ts3.6',
1 verbose cli   '@types/neo-async@ts3.6',
1 verbose cli   '@types/next-tick@ts3.6',
1 verbose cli   '@types/nice-try@ts3.6',
1 verbose cli   '@types/node-forge@ts3.6',
1 verbose cli   '@types/node-int64@ts3.6',
1 verbose cli   '@types/node-notifier@ts3.6',
1 verbose cli   '@types/normalize-package-data@ts3.6',
1 verbose cli   '@types/normalize-path@ts3.6',
1 verbose cli   '@types/num2fraction@ts3.6',
1 verbose cli   '@types/nwsapi@ts3.6',
1 verbose cli   '@types/object-assign@ts3.6',
1 verbose cli   '@types/object-inspect@ts3.6',
1 verbose cli   '@types/object-keys@ts3.6',
1 verbose cli   '@types/object.assign@ts3.6',
1 verbose cli   '@types/object.entries@ts3.6',
1 verbose cli   '@types/object.fromentries@ts3.6',
1 verbose cli   '@types/object.getownpropertydescriptors@ts3.6',
1 verbose cli   '@types/object.groupby@ts3.6',
1 verbose cli   '@types/object.pick@ts3.6',
1 verbose cli   '@types/on-finished@ts3.6',
1 verbose cli   '@types/on-headers@ts3.6',
1 verbose cli   '@types/once@ts3.6',
1 verbose cli   '@types/optimize-css-assets-webpack-plugin@ts3.6',
1 verbose cli   '@types/pako@ts3.6',
1 verbose cli   '@types/parallel-transform@ts3.6',
1 verbose cli   '@types/parse-json@ts3.6',
1 verbose cli   '@types/parseurl@ts3.6',
1 verbose cli   '@types/pascalcase@ts3.6',
1 verbose cli   '@types/path-browserify@ts3.6',
1 verbose cli   '@types/path-is-absolute@ts3.6',
1 verbose cli   '@types/path-is-inside@ts3.6',
1 verbose cli   '@types/path-parse@ts3.6',
1 verbose cli   '@types/pbkdf2@ts3.6',
1 verbose cli   '@types/picomatch@ts3.6',
1 verbose cli   '@types/pify@ts3.6',
1 verbose cli   '@types/postcss-color-gray@ts3.6',
1 verbose cli   '@types/postcss-flexbugs-fixes@ts3.6',
1 verbose cli   '@types/postcss-font-variant@ts3.6',
1 verbose cli   '@types/postcss-gap-properties@ts3.6',
1 verbose cli   '@types/postcss-modules-extract-imports@ts3.6',
1 verbose cli   '@types/postcss-modules-local-by-default@ts3.6',
1 verbose cli   '@types/postcss-modules-scope@ts3.6',
1 verbose cli   '@types/postcss-modules-values@ts3.6',
1 verbose cli   '@types/postcss-normalize@ts3.6',
1 verbose cli   '@types/postcss-page-break@ts3.6',
1 verbose cli   '@types/postcss-safe-parser@ts3.6',
1 verbose cli   '@types/prelude-ls@ts3.6',
1 verbose cli   '@types/prettier-linter-helpers@ts3.6',
1 verbose cli   '@types/progress@ts3.6',
1 verbose cli   '@types/promise-inflight@ts3.6',
1 verbose cli   '@types/prompts@ts3.6',
1 verbose cli   '@types/prop-types@ts3.6',
1 verbose cli   '@types/proxy-addr@ts3.6',
1 verbose cli   '@types/psl@ts3.6',
1 verbose cli   '@types/pump@ts3.6',
1 verbose cli   '@types/pumpify@ts3.6',
1 verbose cli   '@types/punycode@ts3.6',
1 verbose cli   '@types/q@ts3.6',
1 verbose cli   '@types/qs@ts3.6',
1 verbose cli   '@types/querystringify@ts3.6',
1 verbose cli   '@types/raf@ts3.6',
1 verbose cli   '@types/randombytes@ts3.6',
1 verbose cli   '@types/range-parser@ts3.6',
1 verbose cli   '@types/react-dev-utils@ts3.6',
1 verbose cli   '@types/react-is@ts3.6',
1 verbose cli   '@types/react-refresh@ts3.6',
1 verbose cli   '@types/readable-stream@ts3.6',
1 verbose cli   ... 118 more items
1 verbose cli ]
2 info using npm@6.14.6
3 info using node@v12.18.3
4 verbose npm-session 34700225b508ad41
5 silly install loadCurrentTree
6 silly install readLocalPackageData
7 http fetch GET 304 https://registry.npmjs.org/@types%2flodash.debounce 245ms (from cache)
8 http fetch GET 304 https://registry.npmjs.org/@types%2flodash.merge 246ms (from cache)
9 silly pacote tag manifest for @types/lodash.debounce@ts3.6 fetched in 252ms
10 silly pacote tag manifest for @types/lodash.merge@ts3.6 fetched in 254ms
11 http fetch GET 304 https://registry.npmjs.org/@types%2fmedia-typer 262ms (from cache)
12 silly pacote tag manifest for @types/media-typer@ts3.6 fetched in 264ms
13 http fetch GET 304 https://registry.npmjs.org/@types%2flodash 274ms (from cache)
14 silly pacote tag manifest for @types/lodash@ts3.6 fetched in 278ms
15 http fetch GET 304 https://registry.npmjs.org/@types%2fmerge-descriptors 115ms (from cache)
16 silly pacote tag manifest for @types/merge-descriptors@ts3.6 fetched in 117ms
17 http fetch GET 304 https://registry.npmjs.org/@types%2fmerge-stream 115ms (from cache)
18 silly pacote tag manifest for @types/merge-stream@ts3.6 fetched in 117ms
19 http fetch GET 304 https://registry.npmjs.org/@types%2fmerge2 74ms (from cache)
20 silly pacote tag manifest for @types/merge2@ts3.6 fetched in 79ms
21 http fetch GET 304 https://registry.npmjs.org/@types%2fmethods 85ms (from cache)
22 silly pacote tag manifest for @types/methods@ts3.6 fetched in 88ms
23 http fetch GET 304 https://registry.npmjs.org/@types%2fmime 80ms (from cache)
24 silly pacote tag manifest for @types/mime@ts3.6 fetched in 82ms
25 http fetch GET 304 https://registry.npmjs.org/@types%2fmicromatch 107ms (from cache)
26 silly pacote tag manifest for @types/micromatch@ts3.6 fetched in 110ms
27 http fetch GET 304 https://registry.npmjs.org/@types%2fmime-db 68ms (from cache)
28 silly pacote tag manifest for @types/mime-db@ts3.6 fetched in 73ms
29 http fetch GET 304 https://registry.npmjs.org/@types%2fmin-indent 70ms (from cache)
30 silly pacote tag manifest for @types/min-indent@ts3.6 fetched in 72ms
31 http fetch GET 304 https://registry.npmjs.org/@types%2fminimalistic-assert 68ms (from cache)
32 silly pacote tag manifest for @types/minimalistic-assert@ts3.6 fetched in 69ms
33 http fetch GET 304 https://registry.npmjs.org/@types%2fminimist 68ms (from cache)
34 silly pacote tag manifest for @types/minimist@ts3.6 fetched in 69ms
35 http fetch GET 304 https://registry.npmjs.org/@types%2flodash.uniq 1150ms (from cache)
36 silly pacote tag manifest for @types/lodash.uniq@ts3.6 fetched in 1151ms
37 http fetch GET 304 https://registry.npmjs.org/@types%2floader-utils 1247ms (from cache)
38 silly pacote tag manifest for @types/loader-utils@ts3.6 fetched in 1255ms
39 http fetch GET 200 https://registry.npmjs.org/@types%2fmakeerror 1329ms
40 silly fetchPackageMetaData error for @types/makeerror@ts3.6 No matching version found for @types/makeerror@ts3.6.
41 http fetch GET 304 https://registry.npmjs.org/@types%2fms 94ms (from cache)
42 silly pacote tag manifest for @types/ms@ts3.6 fetched in 98ms
43 http fetch GET 304 https://registry.npmjs.org/@types%2flodash.truncate 1387ms (from cache)
44 silly pacote tag manifest for @types/lodash.truncate@ts3.6 fetched in 1391ms
45 http fetch GET 304 https://registry.npmjs.org/@types%2fmulticast-dns 83ms (from cache)
46 http fetch GET 304 https://registry.npmjs.org/@types%2fmemory-fs 1170ms (from cache)
47 silly pacote tag manifest for @types/multicast-dns@ts3.6 fetched in 87ms
48 silly pacote tag manifest for @types/memory-fs@ts3.6 fetched in 1174ms
49 http fetch GET 304 https://registry.npmjs.org/@types%2fnatural-compare 110ms (from cache)
50 silly pacote tag manifest for @types/natural-compare@ts3.6 fetched in 115ms
51 http fetch GET 304 https://registry.npmjs.org/@types%2fnegotiator 90ms (from cache)
52 silly pacote tag manifest for @types/negotiator@ts3.6 fetched in 93ms
53 http fetch GET 304 https://registry.npmjs.org/@types%2fnext-tick 80ms (from cache)
54 http fetch GET 304 https://registry.npmjs.org/@types%2fmemorystream 1253ms (from cache)
55 silly pacote tag manifest for @types/memorystream@ts3.6 fetched in 1256ms
56 silly pacote tag manifest for @types/next-tick@ts3.6 fetched in 84ms
57 http fetch GET 304 https://registry.npmjs.org/@types%2fnice-try 84ms (from cache)
58 silly pacote tag manifest for @types/nice-try@ts3.6 fetched in 88ms
59 http fetch GET 304 https://registry.npmjs.org/@types%2fnode-forge 87ms (from cache)
60 silly pacote tag manifest for @types/node-forge@ts3.6 fetched in 92ms
61 http fetch GET 304 https://registry.npmjs.org/@types%2fnode-int64 97ms (from cache)
62 http fetch GET 304 https://registry.npmjs.org/@types%2fnode-notifier 99ms (from cache)
63 silly pacote tag manifest for @types/node-int64@ts3.6 fetched in 103ms
64 silly pacote tag manifest for @types/node-notifier@ts3.6 fetched in 103ms
65 http fetch GET 304 https://registry.npmjs.org/@types%2fnormalize-package-data 94ms (from cache)
66 silly pacote tag manifest for @types/normalize-package-data@ts3.6 fetched in 98ms
67 http fetch GET 304 https://registry.npmjs.org/@types%2fnormalize-path 89ms (from cache)
68 silly pacote tag manifest for @types/normalize-path@ts3.6 fetched in 91ms
69 http fetch GET 304 https://registry.npmjs.org/@types%2fnum2fraction 81ms (from cache)
70 silly pacote tag manifest for @types/num2fraction@ts3.6 fetched in 85ms
71 http fetch GET 304 https://registry.npmjs.org/@types%2fobject-assign 98ms (from cache)
72 silly pacote tag manifest for @types/object-assign@ts3.6 fetched in 102ms
73 http fetch GET 304 https://registry.npmjs.org/@types%2fobject-inspect 81ms (from cache)
74 silly pacote tag manifest for @types/object-inspect@ts3.6 fetched in 83ms
75 http fetch GET 304 https://registry.npmjs.org/@types%2fmime-types 1240ms (from cache)
76 silly pacote tag manifest for @types/mime-types@ts3.6 fetched in 1242ms
77 http fetch GET 200 https://registry.npmjs.org/@types%2fobject.entries 75ms
78 silly fetchPackageMetaData error for @types/object.entries@ts3.6 No matching version found for @types/object.entries@ts3.6.
79 http fetch GET 200 https://registry.npmjs.org/@types%2fobject.assign 90ms
80 silly fetchPackageMetaData error for @types/object.assign@ts3.6 No matching version found for @types/object.assign@ts3.6.
81 http fetch GET 304 https://registry.npmjs.org/@types%2fobject.getownpropertydescriptors 67ms (from cache)
82 silly pacote tag manifest for @types/object.getownpropertydescriptors@ts3.6 fetched in 68ms
83 http fetch GET 304 https://registry.npmjs.org/@types%2flodash.memoize 1913ms (from cache)
84 silly pacote tag manifest for @types/lodash.memoize@ts3.6 fetched in 1915ms
85 http fetch GET 304 https://registry.npmjs.org/@types%2fobject.pick 61ms (from cache)
86 silly pacote tag manifest for @types/object.pick@ts3.6 fetched in 64ms
87 http fetch GET 304 https://registry.npmjs.org/@types%2fon-finished 86ms (from cache)
88 silly pacote tag manifest for @types/on-finished@ts3.6 fetched in 88ms
89 http fetch GET 304 https://registry.npmjs.org/@types%2fon-headers 73ms (from cache)
90 silly pacote tag manifest for @types/on-headers@ts3.6 fetched in 75ms
91 http fetch GET 304 https://registry.npmjs.org/@types%2fonce 83ms (from cache)
92 silly pacote tag manifest for @types/once@ts3.6 fetched in 86ms
93 http fetch GET 304 https://registry.npmjs.org/@types%2foptimize-css-assets-webpack-plugin 79ms (from cache)
94 silly pacote tag manifest for @types/optimize-css-assets-webpack-plugin@ts3.6 fetched in 83ms
95 http fetch GET 304 https://registry.npmjs.org/@types%2fpako 85ms (from cache)
96 silly pacote tag manifest for @types/pako@ts3.6 fetched in 89ms
97 http fetch GET 304 https://registry.npmjs.org/@types%2fparse-json 79ms (from cache)
98 silly pacote tag manifest for @types/parse-json@ts3.6 fetched in 82ms
99 http fetch GET 304 https://registry.npmjs.org/@types%2fobject-keys 658ms (from cache)
100 http fetch GET 304 https://registry.npmjs.org/@types%2fparseurl 98ms (from cache)
101 silly pacote tag manifest for @types/object-keys@ts3.6 fetched in 662ms
102 silly pacote tag manifest for @types/parseurl@ts3.6 fetched in 101ms
103 http fetch GET 304 https://registry.npmjs.org/@types%2fpascalcase 84ms (from cache)
104 silly pacote tag manifest for @types/pascalcase@ts3.6 fetched in 87ms
105 http fetch GET 304 https://registry.npmjs.org/@types%2fpath-is-absolute 69ms (from cache)
106 silly pacote tag manifest for @types/path-is-absolute@ts3.6 fetched in 70ms
107 http fetch GET 304 https://registry.npmjs.org/@types%2fminizlib 1724ms (from cache)
108 silly pacote tag manifest for @types/minizlib@ts3.6 fetched in 1729ms
109 http fetch GET 304 https://registry.npmjs.org/@types%2fpath-is-inside 70ms (from cache)
110 silly pacote tag manifest for @types/path-is-inside@ts3.6 fetched in 73ms
111 http fetch GET 304 https://registry.npmjs.org/@types%2fpath-parse 76ms (from cache)
112 silly pacote tag manifest for @types/path-parse@ts3.6 fetched in 77ms
113 http fetch GET 304 https://registry.npmjs.org/@types%2fpbkdf2 70ms (from cache)
114 silly pacote tag manifest for @types/pbkdf2@ts3.6 fetched in 72ms
115 http fetch GET 304 https://registry.npmjs.org/@types%2fpify 63ms (from cache)
116 silly pacote tag manifest for @types/pify@ts3.6 fetched in 65ms
117 http fetch GET 304 https://registry.npmjs.org/@types%2fpicomatch 77ms (from cache)
118 silly pacote tag manifest for @types/picomatch@ts3.6 fetched in 79ms
119 http fetch GET 304 https://registry.npmjs.org/@types%2fnwsapi 1140ms (from cache)
120 silly pacote tag manifest for @types/nwsapi@ts3.6 fetched in 1145ms
121 http fetch GET 200 https://registry.npmjs.org/@types%2fpostcss-color-gray 74ms
122 silly fetchPackageMetaData error for @types/postcss-color-gray@ts3.6 No matching version found for @types/postcss-color-gray@ts3.6.
123 http fetch GET 200 https://registry.npmjs.org/@types%2fpostcss-font-variant 68ms
124 silly fetchPackageMetaData error for @types/postcss-font-variant@ts3.6 No matching version found for @types/postcss-font-variant@ts3.6.
125 http fetch GET 304 https://registry.npmjs.org/@types%2fpostcss-gap-properties 70ms (from cache)
126 silly pacote tag manifest for @types/postcss-gap-properties@ts3.6 fetched in 72ms
127 http fetch GET 304 https://registry.npmjs.org/@types%2flodash.template 2915ms (from cache)
128 silly pacote tag manifest for @types/lodash.template@ts3.6 fetched in 2916ms
129 http fetch GET 304 https://registry.npmjs.org/@types%2fmove-concurrently 1813ms (from cache)
130 silly pacote tag manifest for @types/move-concurrently@ts3.6 fetched in 1816ms
131 http fetch GET 200 https://registry.npmjs.org/@types%2fobject.groupby 1176ms
132 silly fetchPackageMetaData error for @types/object.groupby@ts3.6 No matching version found for @types/object.groupby@ts3.6.
133 http fetch GET 200 https://registry.npmjs.org/@types%2fneo-async 1675ms
134 silly fetchPackageMetaData error for @types/neo-async@ts3.6 No matching version found for @types/neo-async@ts3.6.
135 http fetch GET 304 https://registry.npmjs.org/@types%2fpostcss-normalize 102ms (from cache)
136 silly pacote tag manifest for @types/postcss-normalize@ts3.6 fetched in 103ms
137 http fetch GET 200 https://registry.npmjs.org/@types%2fpostcss-page-break 64ms
138 silly fetchPackageMetaData error for @types/postcss-page-break@ts3.6 No matching version found for @types/postcss-page-break@ts3.6.
139 http fetch GET 304 https://registry.npmjs.org/@types%2fprelude-ls 74ms (from cache)
140 silly pacote tag manifest for @types/prelude-ls@ts3.6 fetched in 76ms
141 http fetch GET 304 https://registry.npmjs.org/@types%2fprettier-linter-helpers 77ms (from cache)
142 silly pacote tag manifest for @types/prettier-linter-helpers@ts3.6 fetched in 80ms
143 http fetch GET 304 https://registry.npmjs.org/@types%2fparallel-transform 1223ms (from cache)
144 silly pacote tag manifest for @types/parallel-transform@ts3.6 fetched in 1224ms
145 http fetch GET 304 https://registry.npmjs.org/@types%2fprogress 66ms (from cache)
146 silly pacote tag manifest for @types/progress@ts3.6 fetched in 68ms
147 http fetch GET 304 https://registry.npmjs.org/@types%2fpromise-inflight 65ms (from cache)
148 silly pacote tag manifest for @types/promise-inflight@ts3.6 fetched in 66ms
149 http fetch GET 304 https://registry.npmjs.org/@types%2fprompts 65ms (from cache)
150 silly pacote tag manifest for @types/prompts@ts3.6 fetched in 68ms
151 http fetch GET 304 https://registry.npmjs.org/@types%2fprop-types 63ms (from cache)
152 silly pacote tag manifest for @types/prop-types@ts3.6 fetched in 64ms
153 http fetch GET 304 https://registry.npmjs.org/@types%2fproxy-addr 76ms (from cache)
154 silly pacote tag manifest for @types/proxy-addr@ts3.6 fetched in 77ms
155 http fetch GET 304 https://registry.npmjs.org/@types%2fpsl 69ms (from cache)
156 silly pacote tag manifest for @types/psl@ts3.6 fetched in 71ms
157 http fetch GET 304 https://registry.npmjs.org/@types%2fobject.fromentries 1746ms (from cache)
158 silly pacote tag manifest for @types/object.fromentries@ts3.6 fetched in 1747ms
159 http fetch GET 200 https://registry.npmjs.org/@types%2fpath-browserify 1225ms
160 silly fetchPackageMetaData error for @types/path-browserify@ts3.6 No matching version found for @types/path-browserify@ts3.6.
161 http fetch GET 304 https://registry.npmjs.org/@types%2fpostcss-flexbugs-fixes 869ms (from cache)
162 silly pacote tag manifest for @types/postcss-flexbugs-fixes@ts3.6 fetched in 872ms
163 http fetch GET 304 https://registry.npmjs.org/@types%2fpump 81ms (from cache)
164 silly pacote tag manifest for @types/pump@ts3.6 fetched in 83ms
165 http fetch GET 304 https://registry.npmjs.org/@types%2fpumpify 78ms (from cache)
166 silly pacote tag manifest for @types/pumpify@ts3.6 fetched in 80ms
167 http fetch GET 304 https://registry.npmjs.org/@types%2fq 72ms (from cache)
168 silly pacote tag manifest for @types/q@ts3.6 fetched in 74ms
169 http fetch GET 304 https://registry.npmjs.org/@types%2fqs 68ms (from cache)
170 silly pacote tag manifest for @types/qs@ts3.6 fetched in 70ms
171 http fetch GET 304 https://registry.npmjs.org/@types%2fraf 65ms (from cache)
172 silly pacote tag manifest for @types/raf@ts3.6 fetched in 68ms
173 http fetch GET 304 https://registry.npmjs.org/@types%2fquerystringify 89ms (from cache)
174 silly pacote tag manifest for @types/querystringify@ts3.6 fetched in 90ms
175 http fetch GET 304 https://registry.npmjs.org/@types%2frandombytes 74ms (from cache)
176 silly pacote tag manifest for @types/randombytes@ts3.6 fetched in 75ms
177 http fetch GET 304 https://registry.npmjs.org/@types%2frange-parser 78ms (from cache)
178 silly pacote tag manifest for @types/range-parser@ts3.6 fetched in 79ms
179 http fetch GET 304 https://registry.npmjs.org/@types%2freact-is 92ms (from cache)
180 silly pacote tag manifest for @types/react-is@ts3.6 fetched in 95ms
181 http fetch GET 304 https://registry.npmjs.org/@types%2fpostcss-modules-scope 1169ms (from cache)
182 silly pacote tag manifest for @types/postcss-modules-scope@ts3.6 fetched in 1170ms
183 http fetch GET 304 https://registry.npmjs.org/@types%2fpostcss-modules-local-by-default 1230ms (from cache)
184 silly pacote tag manifest for @types/postcss-modules-local-by-default@ts3.6 fetched in 1232ms
185 http fetch GET 200 https://registry.npmjs.org/@types%2fregenerate 82ms
186 silly fetchPackageMetaData error for @types/regenerate@ts3.6 No matching version found for @types/regenerate@ts3.6.
187 http fetch GET 304 https://registry.npmjs.org/@types%2fregenerator-runtime 69ms (from cache)
188 silly pacote tag manifest for @types/regenerator-runtime@ts3.6 fetched in 72ms
189 http fetch GET 200 https://registry.npmjs.org/@types%2fregex-not 74ms
190 silly fetchPackageMetaData error for @types/regex-not@ts3.6 No matching version found for @types/regex-not@ts3.6.
191 http fetch GET 304 https://registry.npmjs.org/@types%2fpostcss-safe-parser 1257ms (from cache)
192 silly pacote tag manifest for @types/postcss-safe-parser@ts3.6 fetched in 1262ms
193 http fetch GET 304 https://registry.npmjs.org/@types%2frepeat-element 344ms (from cache)
194 silly pacote tag manifest for @types/repeat-element@ts3.6 fetched in 346ms
195 http fetch GET 304 https://registry.npmjs.org/@types%2fpostcss-modules-extract-imports 1815ms (from cache)
196 silly pacote tag manifest for @types/postcss-modules-extract-imports@ts3.6 fetched in 1817ms
197 http fetch GET 200 https://registry.npmjs.org/@types%2freact-refresh 959ms
198 silly fetchPackageMetaData error for @types/react-refresh@ts3.6 No matching version found for @types/react-refresh@ts3.6.
199 http fetch GET 304 https://registry.npmjs.org/@types%2frequire-from-string 62ms (from cache)
200 silly pacote tag manifest for @types/require-from-string@ts3.6 fetched in 63ms
201 http fetch GET 304 https://registry.npmjs.org/@types%2fpunycode 1164ms (from cache)
202 http fetch GET 304 https://registry.npmjs.org/@types%2frecursive-readdir 921ms (from cache)
203 silly pacote tag manifest for @types/punycode@ts3.6 fetched in 1167ms
204 silly pacote tag manifest for @types/recursive-readdir@ts3.6 fetched in 924ms
205 http fetch GET 304 https://registry.npmjs.org/@types%2fresolve 76ms (from cache)
206 silly pacote tag manifest for @types/resolve@ts3.6 fetched in 77ms
207 http fetch GET 304 https://registry.npmjs.org/@types%2fretry 68ms (from cache)
208 silly pacote tag manifest for @types/retry@ts3.6 fetched in 69ms
209 http fetch GET 304 https://registry.npmjs.org/@types%2fpostcss-modules-values 1833ms (from cache)
210 silly pacote tag manifest for @types/postcss-modules-values@ts3.6 fetched in 1834ms
211 http fetch GET 304 https://registry.npmjs.org/@types%2freact-dev-utils 1149ms (from cache)
212 silly pacote tag manifest for @types/react-dev-utils@ts3.6 fetched in 1153ms
213 http fetch GET 304 https://registry.npmjs.org/@types%2frelateurl 1162ms (from cache)
214 silly pacote tag manifest for @types/relateurl@ts3.6 fetched in 1168ms
215 http fetch GET 304 https://registry.npmjs.org/@types%2fsafer-buffer 67ms (from cache)
216 silly pacote tag manifest for @types/safer-buffer@ts3.6 fetched in 69ms
217 http fetch GET 304 https://registry.npmjs.org/@types%2frun-parallel 672ms (from cache)
218 silly pacote tag manifest for @types/run-parallel@ts3.6 fetched in 679ms
219 http fetch GET 304 https://registry.npmjs.org/@types%2freadable-stream 1735ms (from cache)
220 http fetch GET 304 https://registry.npmjs.org/@types%2fsane 74ms (from cache)
221 silly pacote tag manifest for @types/sane@ts3.6 fetched in 75ms
222 silly pacote tag manifest for @types/readable-stream@ts3.6 fetched in 1738ms
223 http fetch GET 304 https://registry.npmjs.org/@types%2fsass-loader 67ms (from cache)
224 silly pacote tag manifest for @types/sass-loader@ts3.6 fetched in 69ms
225 http fetch GET 304 https://registry.npmjs.org/@types%2fscheduler 72ms (from cache)
226 silly pacote tag manifest for @types/scheduler@ts3.6 fetched in 74ms
227 http fetch GET 200 https://registry.npmjs.org/@types%2fselfsigned 72ms
228 silly fetchPackageMetaData error for @types/selfsigned@ts3.6 No matching version found for @types/selfsigned@ts3.6.
229 http fetch GET 304 https://registry.npmjs.org/@types%2fsemver 71ms (from cache)
230 silly pacote tag manifest for @types/semver@ts3.6 fetched in 74ms
231 http fetch GET 304 https://registry.npmjs.org/@types%2fsend 65ms (from cache)
232 http fetch GET 304 https://registry.npmjs.org/@types%2frsvp 922ms (from cache)
233 silly pacote tag manifest for @types/rsvp@ts3.6 fetched in 924ms
234 silly pacote tag manifest for @types/send@ts3.6 fetched in 69ms
235 http fetch GET 304 https://registry.npmjs.org/@types%2fserve-index 69ms (from cache)
236 silly pacote tag manifest for @types/serve-index@ts3.6 fetched in 74ms
237 http fetch GET 304 https://registry.npmjs.org/@types%2fserve-static 75ms (from cache)
238 silly pacote tag manifest for @types/serve-static@ts3.6 fetched in 78ms
239 http fetch GET 304 https://registry.npmjs.org/@types%2fripemd160 1194ms (from cache)
240 silly pacote tag manifest for @types/ripemd160@ts3.6 fetched in 1195ms
241 http fetch GET 304 https://registry.npmjs.org/@types%2fsafe-regex 1218ms (from cache)
242 silly pacote tag manifest for @types/safe-regex@ts3.6 fetched in 1219ms
243 http fetch GET 304 https://registry.npmjs.org/@types%2frepeat-string 1701ms (from cache)
244 silly pacote tag manifest for @types/repeat-string@ts3.6 fetched in 1703ms
245 http fetch GET 304 https://registry.npmjs.org/@types%2fsetimmediate 72ms (from cache)
246 silly pacote tag manifest for @types/setimmediate@ts3.6 fetched in 73ms
247 http fetch GET 304 https://registry.npmjs.org/@types%2fsha.js 84ms (from cache)
248 silly pacote tag manifest for @types/sha.js@ts3.6 fetched in 85ms
249 http fetch GET 304 https://registry.npmjs.org/@types%2fshebang-command 79ms (from cache)
250 silly pacote tag manifest for @types/shebang-command@ts3.6 fetched in 81ms
251 http fetch GET 304 https://registry.npmjs.org/@types%2fshell-quote 71ms (from cache)
252 silly pacote tag manifest for @types/shell-quote@ts3.6 fetched in 73ms
253 http fetch GET 200 https://registry.npmjs.org/@types%2fsimple-swizzle 74ms
254 silly fetchPackageMetaData error for @types/simple-swizzle@ts3.6 No matching version found for @types/simple-swizzle@ts3.6.
255 http fetch GET 304 https://registry.npmjs.org/@types%2fserialize-javascript 631ms (from cache)
256 silly pacote tag manifest for @types/serialize-javascript@ts3.6 fetched in 635ms
257 http fetch GET 304 https://registry.npmjs.org/@types%2frequire-directory 1758ms (from cache)
258 silly pacote tag manifest for @types/require-directory@ts3.6 fetched in 1761ms
259 http fetch GET 304 https://registry.npmjs.org/@types%2fsockjs 74ms (from cache)
260 silly pacote tag manifest for @types/sockjs@ts3.6 fetched in 76ms
261 http fetch GET 304 https://registry.npmjs.org/@types%2fsockjs-client 62ms (from cache)
262 silly pacote tag manifest for @types/sockjs-client@ts3.6 fetched in 63ms
263 http fetch GET 304 https://registry.npmjs.org/@types%2frequires-port 1735ms (from cache)
264 silly pacote tag manifest for @types/requires-port@ts3.6 fetched in 1736ms
265 http fetch GET 304 https://registry.npmjs.org/@types%2fspdx-expression-parse 77ms (from cache)
266 http fetch GET 200 https://registry.npmjs.org/@types%2fset-blocking 647ms
267 silly fetchPackageMetaData error for @types/set-blocking@ts3.6 No matching version found for @types/set-blocking@ts3.6.
268 silly pacote tag manifest for @types/spdx-expression-parse@ts3.6 fetched in 80ms
269 http fetch GET 200 https://registry.npmjs.org/@types%2fsafe-regex-test 1680ms
270 silly fetchPackageMetaData error for @types/safe-regex-test@ts3.6 No matching version found for @types/safe-regex-test@ts3.6.
271 http fetch GET 304 https://registry.npmjs.org/@types%2fsprintf 63ms (from cache)
272 silly pacote tag manifest for @types/sprintf@ts3.6 fetched in 65ms
273 http fetch GET 304 https://registry.npmjs.org/@types%2fspdy 76ms (from cache)
274 silly pacote tag manifest for @types/spdy@ts3.6 fetched in 77ms
275 http fetch GET 304 https://registry.npmjs.org/@types%2fstack-utils 69ms (from cache)
276 silly pacote tag manifest for @types/stack-utils@ts3.6 fetched in 70ms
277 http fetch GET 304 https://registry.npmjs.org/@types%2fsax 1176ms (from cache)
278 silly pacote tag manifest for @types/sax@ts3.6 fetched in 1178ms
279 http fetch GET 304 https://registry.npmjs.org/@types%2fstatuses 66ms (from cache)
280 silly pacote tag manifest for @types/statuses@ts3.6 fetched in 68ms
281 http fetch GET 304 https://registry.npmjs.org/@types%2fset-value 1256ms (from cache)
282 silly pacote tag manifest for @types/set-value@ts3.6 fetched in 1257ms
283 http fetch GET 304 https://registry.npmjs.org/@types%2fstream-shift 61ms (from cache)
284 silly pacote tag manifest for @types/stream-shift@ts3.6 fetched in 62ms
285 http fetch GET 304 https://registry.npmjs.org/@types%2fstrict-uri-encode 66ms (from cache)
286 silly pacote tag manifest for @types/strict-uri-encode@ts3.6 fetched in 67ms
287 http fetch GET 304 https://registry.npmjs.org/@types%2fsemver-compare 1693ms (from cache)
288 silly pacote tag manifest for @types/semver-compare@ts3.6 fetched in 1695ms
289 http fetch GET 304 https://registry.npmjs.org/@types%2fstring-natural-compare 68ms (from cache)
290 silly pacote tag manifest for @types/string-natural-compare@ts3.6 fetched in 69ms
291 http fetch GET 200 https://registry.npmjs.org/@types%2fstring.prototype.trim 68ms
292 silly fetchPackageMetaData error for @types/string.prototype.trim@ts3.6 No matching version found for @types/string.prototype.trim@ts3.6.
293 http fetch GET 304 https://registry.npmjs.org/@types%2fsprintf-js 1204ms (from cache)
294 silly pacote tag manifest for @types/sprintf-js@ts3.6 fetched in 1206ms
295 http fetch GET 304 https://registry.npmjs.org/@types%2fstrip-comments 63ms (from cache)
296 silly pacote tag manifest for @types/strip-comments@ts3.6 fetched in 65ms
297 http fetch GET 304 https://registry.npmjs.org/@types%2fsupports-color 77ms (from cache)
298 silly pacote tag manifest for @types/supports-color@ts3.6 fetched in 78ms
299 http fetch GET 304 https://registry.npmjs.org/@types%2fstatic-eval 1229ms (from cache)
300 silly pacote tag manifest for @types/static-eval@ts3.6 fetched in 1233ms
301 http fetch GET 304 https://registry.npmjs.org/@types%2fsignal-exit 1792ms (from cache)
302 http fetch GET 304 https://registry.npmjs.org/@types%2fsvg-parser 82ms (from cache)
303 http fetch GET 304 https://registry.npmjs.org/@types%2fsymbol-tree 78ms (from cache)
304 silly pacote tag manifest for @types/signal-exit@ts3.6 fetched in 1794ms
305 silly pacote tag manifest for @types/svg-parser@ts3.6 fetched in 84ms
306 silly pacote tag manifest for @types/symbol-tree@ts3.6 fetched in 81ms
307 http fetch GET 304 https://registry.npmjs.org/@types%2fstream-each 1281ms (from cache)
308 silly pacote tag manifest for @types/stream-each@ts3.6 fetched in 1282ms
309 http fetch GET 200 https://registry.npmjs.org/@types%2ftest-exclude 69ms
310 silly fetchPackageMetaData error for @types/test-exclude@ts3.6 No matching version found for @types/test-exclude@ts3.6.
311 http fetch GET 304 https://registry.npmjs.org/@types%2ftar 73ms (from cache)
312 silly pacote tag manifest for @types/tar@ts3.6 fetched in 76ms
313 http fetch GET 304 https://registry.npmjs.org/@types%2fthrough 74ms (from cache)
314 silly pacote tag manifest for @types/through@ts3.6 fetched in 79ms
315 http fetch GET 304 https://registry.npmjs.org/@types%2fthrough2 95ms (from cache)
316 silly pacote tag manifest for @types/through2@ts3.6 fetched in 100ms
317 http fetch GET 304 https://registry.npmjs.org/@types%2fsource-map-support 1755ms (from cache)
318 silly pacote tag manifest for @types/source-map-support@ts3.6 fetched in 1762ms
319 http fetch GET 304 https://registry.npmjs.org/@types%2fsource-list-map 1814ms (from cache)
320 silly pacote tag manifest for @types/source-list-map@ts3.6 fetched in 1815ms
321 http fetch GET 304 https://registry.npmjs.org/@types%2fspdx-correct 1778ms (from cache)
322 silly pacote tag manifest for @types/spdx-correct@ts3.6 fetched in 1779ms
323 http fetch GET 200 https://registry.npmjs.org/@types%2fto-object-path 69ms
324 silly fetchPackageMetaData error for @types/to-object-path@ts3.6 No matching version found for @types/to-object-path@ts3.6.
325 http fetch GET 200 https://registry.npmjs.org/@types%2fto-regex-range 65ms
326 silly fetchPackageMetaData error for @types/to-regex-range@ts3.6 No matching version found for @types/to-regex-range@ts3.6.
327 http fetch GET 304 https://registry.npmjs.org/@types%2fssri 1843ms (from cache)
328 silly pacote tag manifest for @types/ssri@ts3.6 fetched in 1845ms
329 http fetch GET 304 https://registry.npmjs.org/@types%2fstring.prototype.matchall 1153ms (from cache)
330 silly pacote tag manifest for @types/string.prototype.matchall@ts3.6 fetched in 1155ms
331 http fetch GET 304 https://registry.npmjs.org/@types%2ftough-cookie 59ms (from cache)
332 silly pacote tag manifest for @types/tough-cookie@ts3.6 fetched in 60ms
333 http fetch GET 200 https://registry.npmjs.org/@types%2ftr46 80ms
334 silly fetchPackageMetaData error for @types/tr46@ts3.6 No matching version found for @types/tr46@ts3.6.
335 http fetch GET 304 https://registry.npmjs.org/@types%2ftryer 73ms (from cache)
336 silly pacote tag manifest for @types/tryer@ts3.6 fetched in 78ms
337 http fetch GET 304 https://registry.npmjs.org/@types%2fthunky 662ms (from cache)
338 silly pacote tag manifest for @types/thunky@ts3.6 fetched in 665ms
339 http fetch GET 304 https://registry.npmjs.org/@types%2ftype-is 80ms (from cache)
340 silly pacote tag manifest for @types/type-is@ts3.6 fetched in 83ms
341 http fetch GET 304 https://registry.npmjs.org/@types%2ftype-check 361ms (from cache)
342 silly pacote tag manifest for @types/type-check@ts3.6 fetched in 363ms
343 http fetch GET 200 https://registry.npmjs.org/@types%2ftypedarray-to-buffer 78ms
344 silly fetchPackageMetaData error for @types/typedarray-to-buffer@ts3.6 No matching version found for @types/typedarray-to-buffer@ts3.6.
345 http fetch GET 304 https://registry.npmjs.org/@types%2funderscore 90ms (from cache)
346 silly pacote tag manifest for @types/underscore@ts3.6 fetched in 98ms
347 http fetch GET 200 https://registry.npmjs.org/@types%2ftmpl 908ms
348 silly fetchPackageMetaData error for @types/tmpl@ts3.6 No matching version found for @types/tmpl@ts3.6.
349 http fetch GET 200 https://registry.npmjs.org/@types%2fto-regex 898ms
350 silly fetchPackageMetaData error for @types/to-regex@ts3.6 No matching version found for @types/to-regex@ts3.6.
351 http fetch GET 304 https://registry.npmjs.org/@types%2funiq 106ms (from cache)
352 silly pacote tag manifest for @types/uniq@ts3.6 fetched in 112ms
353 http fetch GET 200 https://registry.npmjs.org/@types%2funique-slug 141ms
354 silly fetchPackageMetaData error for @types/unique-slug@ts3.6 No matching version found for @types/unique-slug@ts3.6.
355 http fetch GET 304 https://registry.npmjs.org/@types%2fstringify-object 1774ms (from cache)
356 silly pacote tag manifest for @types/stringify-object@ts3.6 fetched in 1795ms
357 http fetch GET 304 https://registry.npmjs.org/@types%2ftapable 1307ms (from cache)
358 silly pacote tag manifest for @types/tapable@ts3.6 fetched in 1324ms
359 http fetch GET 200 https://registry.npmjs.org/@types%2funquote 157ms
360 silly fetchPackageMetaData error for @types/unquote@ts3.6 No matching version found for @types/unquote@ts3.6.
361 http fetch GET 304 https://registry.npmjs.org/@types%2ftext-table 1322ms (from cache)
362 silly pacote tag manifest for @types/text-table@ts3.6 fetched in 1332ms
363 http fetch GET 304 https://registry.npmjs.org/@types%2furix 138ms (from cache)
364 silly pacote tag manifest for @types/urix@ts3.6 fetched in 145ms
365 http fetch GET 304 https://registry.npmjs.org/@types%2furl-parse 125ms (from cache)
366 silly pacote tag manifest for @types/url-parse@ts3.6 fetched in 127ms
367 http fetch GET 304 https://registry.npmjs.org/@types%2ftimsort 1249ms (from cache)
368 silly pacote tag manifest for @types/timsort@ts3.6 fetched in 1250ms
369 http fetch GET 304 https://registry.npmjs.org/@types%2futils-merge 76ms (from cache)
370 silly pacote tag manifest for @types/utils-merge@ts3.6 fetched in 77ms
371 http fetch GET 200 https://registry.npmjs.org/@types%2ftoidentifier 1140ms
372 silly fetchPackageMetaData error for @types/toidentifier@ts3.6 No matching version found for @types/toidentifier@ts3.6.
373 http fetch GET 304 https://registry.npmjs.org/@types%2fvalidate-npm-package-license 69ms (from cache)
374 silly pacote tag manifest for @types/validate-npm-package-license@ts3.6 fetched in 70ms
375 http fetch GET 304 https://registry.npmjs.org/@types%2fvary 71ms (from cache)
376 silly pacote tag manifest for @types/vary@ts3.6 fetched in 72ms
377 http fetch GET 304 https://registry.npmjs.org/@types%2fw3c-hr-time 69ms (from cache)
378 silly pacote tag manifest for @types/w3c-hr-time@ts3.6 fetched in 70ms
379 http fetch GET 304 https://registry.npmjs.org/@types%2fwatchpack 73ms (from cache)
380 silly pacote tag manifest for @types/watchpack@ts3.6 fetched in 75ms
381 http fetch GET 304 https://registry.npmjs.org/@types%2fwebidl-conversions 81ms (from cache)
382 silly pacote tag manifest for @types/webidl-conversions@ts3.6 fetched in 82ms
383 http fetch GET 200 https://registry.npmjs.org/@types%2funbox-primitive 647ms
384 silly fetchPackageMetaData error for @types/unbox-primitive@ts3.6 No matching version found for @types/unbox-primitive@ts3.6.
385 http fetch GET 304 https://registry.npmjs.org/@types%2fwebpack 67ms (from cache)
386 silly pacote tag manifest for @types/webpack@ts3.6 fetched in 70ms
387 http fetch GET 304 https://registry.npmjs.org/@types%2fwebpack-sources 68ms (from cache)
388 silly pacote tag manifest for @types/webpack-sources@ts3.6 fetched in 69ms
389 http fetch GET 304 https://registry.npmjs.org/@types%2fwhatwg-url 77ms (from cache)
390 silly pacote tag manifest for @types/whatwg-url@ts3.6 fetched in 80ms
391 http fetch GET 304 https://registry.npmjs.org/@types%2fwhich 78ms (from cache)
392 silly pacote tag manifest for @types/which@ts3.6 fetched in 81ms
393 http fetch GET 304 https://registry.npmjs.org/@types%2ftype-detect 1242ms (from cache)
394 silly pacote tag manifest for @types/type-detect@ts3.6 fetched in 1243ms
395 http fetch GET 304 https://registry.npmjs.org/@types%2fwhich-pm-runs 62ms (from cache)
396 silly pacote tag manifest for @types/which-pm-runs@ts3.6 fetched in 63ms
397 http fetch GET 304 https://registry.npmjs.org/@types%2fw3c-xmlserializer 656ms (from cache)
398 silly pacote tag manifest for @types/w3c-xmlserializer@ts3.6 fetched in 657ms
399 http fetch GET 304 https://registry.npmjs.org/@types%2fwrite-file-atomic 67ms (from cache)
400 silly pacote tag manifest for @types/write-file-atomic@ts3.6 fetched in 70ms
401 http fetch GET 304 https://registry.npmjs.org/@types%2futil.promisify 879ms (from cache)
402 silly pacote tag manifest for @types/util.promisify@ts3.6 fetched in 881ms
403 http fetch GET 304 https://registry.npmjs.org/@types%2fwhatwg-mimetype 644ms (from cache)
404 silly pacote tag manifest for @types/whatwg-mimetype@ts3.6 fetched in 645ms
405 http fetch GET 304 https://registry.npmjs.org/@types%2fws 83ms (from cache)
406 silly pacote tag manifest for @types/ws@ts3.6 fetched in 84ms
407 http fetch GET 200 https://registry.npmjs.org/@types%2fxml-name-validator 63ms
408 silly fetchPackageMetaData error for @types/xml-name-validator@ts3.6 No matching version found for @types/xml-name-validator@ts3.6.
409 http fetch GET 304 https://registry.npmjs.org/@types%2futil-deprecate 980ms (from cache)
410 silly pacote tag manifest for @types/util-deprecate@ts3.6 fetched in 981ms
411 http fetch GET 304 https://registry.npmjs.org/@types%2fxtend 66ms (from cache)
412 silly pacote tag manifest for @types/xtend@ts3.6 fetched in 67ms
413 http fetch GET 304 https://registry.npmjs.org/@types%2fuuid 936ms (from cache)
414 silly pacote tag manifest for @types/uuid@ts3.6 fetched in 938ms
415 http fetch GET 304 https://registry.npmjs.org/@types%2fyargs 69ms (from cache)
416 silly pacote tag manifest for @types/yargs@ts3.6 fetched in 71ms
417 http fetch GET 304 https://registry.npmjs.org/@types%2fyargs-parser 71ms (from cache)
418 silly pacote tag manifest for @types/yargs-parser@ts3.6 fetched in 73ms
419 http fetch GET 304 https://registry.npmjs.org/@types%2funiversalify 1759ms (from cache)
420 http fetch GET 304 https://registry.npmjs.org/@types%2fwhatwg-encoding 1296ms (from cache)
421 silly pacote tag manifest for @types/universalify@ts3.6 fetched in 1768ms
422 silly pacote tag manifest for @types/whatwg-encoding@ts3.6 fetched in 1302ms
423 http fetch GET 304 https://registry.npmjs.org/@types%2fworkbox-sw 1221ms (from cache)
424 silly pacote tag manifest for @types/workbox-sw@ts3.6 fetched in 1223ms
425 http fetch GET 304 https://registry.npmjs.org/@types%2fwebpack-manifest-plugin 1730ms (from cache)
426 silly pacote tag manifest for @types/webpack-manifest-plugin@ts3.6 fetched in 1731ms
427 http fetch GET 200 https://registry.npmjs.org/@types%2fwhich-boxed-primitive 1752ms
428 silly fetchPackageMetaData error for @types/which-boxed-primitive@ts3.6 No matching version found for @types/which-boxed-primitive@ts3.6.
429 http fetch GET 304 https://registry.npmjs.org/@types%2fyallist 1280ms (from cache)
430 silly pacote tag manifest for @types/yallist@ts3.6 fetched in 1281ms
431 timing stage:rollbackFailedOptional Completed in 1ms
432 timing stage:runTopLevelLifecycles Completed in 11611ms
433 verbose type tag
434 verbose stack @types/makeerror: No matching version found for @types/makeerror@ts3.6.
434 verbose stack     at pickManifest (/usr/local/lib/node_modules/npm/node_modules/npm-pick-manifest/index.js:122:13)
434 verbose stack     at /usr/local/lib/node_modules/npm/node_modules/pacote/lib/fetchers/registry/manifest.js:24:14
434 verbose stack     at tryCatcher (/usr/local/lib/node_modules/npm/node_modules/bluebird/js/release/util.js:16:23)
434 verbose stack     at Promise._settlePromiseFromHandler (/usr/local/lib/node_modules/npm/node_modules/bluebird/js/release/promise.js:517:31)
434 verbose stack     at Promise._settlePromise (/usr/local/lib/node_modules/npm/node_modules/bluebird/js/release/promise.js:574:18)
434 verbose stack     at Promise._settlePromise0 (/usr/local/lib/node_modules/npm/node_modules/bluebird/js/release/promise.js:619:10)
434 verbose stack     at Promise._settlePromises (/usr/local/lib/node_modules/npm/node_modules/bluebird/js/release/promise.js:699:18)
434 verbose stack     at _drainQueueStep (/usr/local/lib/node_modules/npm/node_modules/bluebird/js/release/async.js:138:12)
434 verbose stack     at _drainQueue (/usr/local/lib/node_modules/npm/node_modules/bluebird/js/release/async.js:131:9)
434 verbose stack     at Async._drainQueues (/usr/local/lib/node_modules/npm/node_modules/bluebird/js/release/async.js:147:5)
434 verbose stack     at Immediate.Async.drainQueues [as _onImmediate] (/usr/local/lib/node_modules/npm/node_modules/bluebird/js/release/async.js:17:14)
434 verbose stack     at processImmediate (internal/timers.js:456:21)
435 verbose cwd /home/theia/.cache/typescript/3.6
436 verbose Linux 5.15.133.1-microsoft-standard-WSL2
437 verbose argv "/usr/local/bin/node" "/usr/local/bin/npm" "install" "--ignore-scripts" "@types/loader-utils@ts3.6" "@types/lodash@ts3.6" "@types/lodash.debounce@ts3.6" "@types/lodash.memoize@ts3.6" "@types/lodash.merge@ts3.6" "@types/lodash.template@ts3.6" "@types/lodash.truncate@ts3.6" "@types/lodash.uniq@ts3.6" "@types/makeerror@ts3.6" "@types/media-typer@ts3.6" "@types/memory-fs@ts3.6" "@types/memorystream@ts3.6" "@types/merge-descriptors@ts3.6" "@types/merge-stream@ts3.6" "@types/merge2@ts3.6" "@types/methods@ts3.6" "@types/micromatch@ts3.6" "@types/mime@ts3.6" "@types/mime-db@ts3.6" "@types/mime-types@ts3.6" "@types/min-indent@ts3.6" "@types/minimalistic-assert@ts3.6" "@types/minimist@ts3.6" "@types/minizlib@ts3.6" "@types/move-concurrently@ts3.6" "@types/ms@ts3.6" "@types/multicast-dns@ts3.6" "@types/natural-compare@ts3.6" "@types/negotiator@ts3.6" "@types/neo-async@ts3.6" "@types/next-tick@ts3.6" "@types/nice-try@ts3.6" "@types/node-forge@ts3.6" "@types/node-int64@ts3.6" "@types/node-notifier@ts3.6" "@types/normalize-package-data@ts3.6" "@types/normalize-path@ts3.6" "@types/num2fraction@ts3.6" "@types/nwsapi@ts3.6" "@types/object-assign@ts3.6" "@types/object-inspect@ts3.6" "@types/object-keys@ts3.6" "@types/object.assign@ts3.6" "@types/object.entries@ts3.6" "@types/object.fromentries@ts3.6" "@types/object.getownpropertydescriptors@ts3.6" "@types/object.groupby@ts3.6" "@types/object.pick@ts3.6" "@types/on-finished@ts3.6" "@types/on-headers@ts3.6" "@types/once@ts3.6" "@types/optimize-css-assets-webpack-plugin@ts3.6" "@types/pako@ts3.6" "@types/parallel-transform@ts3.6" "@types/parse-json@ts3.6" "@types/parseurl@ts3.6" "@types/pascalcase@ts3.6" "@types/path-browserify@ts3.6" "@types/path-is-absolute@ts3.6" "@types/path-is-inside@ts3.6" "@types/path-parse@ts3.6" "@types/pbkdf2@ts3.6" "@types/picomatch@ts3.6" "@types/pify@ts3.6" "@types/postcss-color-gray@ts3.6" "@types/postcss-flexbugs-fixes@ts3.6" "@types/postcss-font-variant@ts3.6" "@types/postcss-gap-properties@ts3.6" "@types/postcss-modules-extract-imports@ts3.6" "@types/postcss-modules-local-by-default@ts3.6" "@types/postcss-modules-scope@ts3.6" "@types/postcss-modules-values@ts3.6" "@types/postcss-normalize@ts3.6" "@types/postcss-page-break@ts3.6" "@types/postcss-safe-parser@ts3.6" "@types/prelude-ls@ts3.6" "@types/prettier-linter-helpers@ts3.6" "@types/progress@ts3.6" "@types/promise-inflight@ts3.6" "@types/prompts@ts3.6" "@types/prop-types@ts3.6" "@types/proxy-addr@ts3.6" "@types/psl@ts3.6" "@types/pump@ts3.6" "@types/pumpify@ts3.6" "@types/punycode@ts3.6" "@types/q@ts3.6" "@types/qs@ts3.6" "@types/querystringify@ts3.6" "@types/raf@ts3.6" "@types/randombytes@ts3.6" "@types/range-parser@ts3.6" "@types/react-dev-utils@ts3.6" "@types/react-is@ts3.6" "@types/react-refresh@ts3.6" "@types/readable-stream@ts3.6" "@types/recursive-readdir@ts3.6" "@types/regenerate@ts3.6" "@types/regenerator-runtime@ts3.6" "@types/regex-not@ts3.6" "@types/relateurl@ts3.6" "@types/repeat-element@ts3.6" "@types/repeat-string@ts3.6" "@types/require-directory@ts3.6" "@types/require-from-string@ts3.6" "@types/requires-port@ts3.6" "@types/resolve@ts3.6" "@types/retry@ts3.6" "@types/ripemd160@ts3.6" "@types/rsvp@ts3.6" "@types/run-parallel@ts3.6" "@types/safe-regex@ts3.6" "@types/safe-regex-test@ts3.6" "@types/safer-buffer@ts3.6" "@types/sane@ts3.6" "@types/sass-loader@ts3.6" "@types/sax@ts3.6" "@types/scheduler@ts3.6" "@types/selfsigned@ts3.6" "@types/semver@ts3.6" "@types/semver-compare@ts3.6" "@types/send@ts3.6" "@types/serialize-javascript@ts3.6" "@types/serve-index@ts3.6" "@types/serve-static@ts3.6" "@types/set-blocking@ts3.6" "@types/set-value@ts3.6" "@types/setimmediate@ts3.6" "@types/sha.js@ts3.6" "@types/shebang-command@ts3.6" "@types/shell-quote@ts3.6" "@types/signal-exit@ts3.6" "@types/simple-swizzle@ts3.6" "@types/sockjs@ts3.6" "@types/sockjs-client@ts3.6" "@types/source-list-map@ts3.6" "@types/source-map-support@ts3.6" "@types/spdx-correct@ts3.6" "@types/spdx-expression-parse@ts3.6" "@types/spdy@ts3.6" "@types/sprintf@ts3.6" "@types/sprintf-js@ts3.6" "@types/ssri@ts3.6" "@types/stack-utils@ts3.6" "@types/static-eval@ts3.6" "@types/statuses@ts3.6" "@types/stream-each@ts3.6" "@types/stream-shift@ts3.6" "@types/strict-uri-encode@ts3.6" "@types/string-natural-compare@ts3.6" "@types/string.prototype.matchall@ts3.6" "@types/string.prototype.trim@ts3.6" "@types/stringify-object@ts3.6" "@types/strip-comments@ts3.6" "@types/supports-color@ts3.6" "@types/svg-parser@ts3.6" "@types/symbol-tree@ts3.6" "@types/tapable@ts3.6" "@types/tar@ts3.6" "@types/test-exclude@ts3.6" "@types/text-table@ts3.6" "@types/through@ts3.6" "@types/through2@ts3.6" "@types/thunky@ts3.6" "@types/timsort@ts3.6" "@types/tmpl@ts3.6" "@types/to-object-path@ts3.6" "@types/to-regex@ts3.6" "@types/to-regex-range@ts3.6" "@types/toidentifier@ts3.6" "@types/tough-cookie@ts3.6" "@types/tr46@ts3.6" "@types/tryer@ts3.6" "@types/type-check@ts3.6" "@types/type-detect@ts3.6" "@types/type-is@ts3.6" "@types/typedarray-to-buffer@ts3.6" "@types/unbox-primitive@ts3.6" "@types/underscore@ts3.6" "@types/uniq@ts3.6" "@types/unique-slug@ts3.6" "@types/universalify@ts3.6" "@types/unquote@ts3.6" "@types/urix@ts3.6" "@types/url-parse@ts3.6" "@types/util-deprecate@ts3.6" "@types/util.promisify@ts3.6" "@types/utils-merge@ts3.6" "@types/uuid@ts3.6" "@types/validate-npm-package-license@ts3.6" "@types/vary@ts3.6" "@types/w3c-hr-time@ts3.6" "@types/w3c-xmlserializer@ts3.6" "@types/watchpack@ts3.6" "@types/webidl-conversions@ts3.6" "@types/webpack@ts3.6" "@types/webpack-manifest-plugin@ts3.6" "@types/webpack-sources@ts3.6" "@types/whatwg-encoding@ts3.6" "@types/whatwg-mimetype@ts3.6" "@types/whatwg-url@ts3.6" "@types/which@ts3.6" "@types/which-boxed-primitive@ts3.6" "@types/which-pm-runs@ts3.6" "@types/workbox-sw@ts3.6" "@types/write-file-atomic@ts3.6" "@types/ws@ts3.6" "@types/xml-name-validator@ts3.6" "@types/xtend@ts3.6" "@types/yallist@ts3.6" "@types/yargs@ts3.6" "@types/yargs-parser@ts3.6" "--save-dev" "--user-agent=typesInstaller/3.6.3"
438 verbose node v12.18.3
439 verbose npm  v6.14.6
440 error code ETARGET
441 error notarget No matching version found for @types/makeerror@ts3.6.
442 error notarget In most cases you or one of your dependencies are requesting
442 error notarget a package version that doesn't exist.
443 verbose exit [ 1, true ]
